2025-09-11 21:15:25 | INFO | {'message': 'I just shared a trick! It was boring.', 'author': 'Bob'}
2025-09-11 21:15:30 | INFO | {'message': 'I just found a meme! It was boring.', 'author': 'Eve'}
2025-09-11 21:15:33 | INFO | {'message': 'I just saw a movie! It was amazing.', 'author': 'Alice'}
2025-09-11 21:15:36 | INFO | {'message': 'I just shared an app! It was amazing.', 'author': 'Bob'}
2025-09-11 21:15:39 | INFO | {'message': 'I just shared an app! It was exciting.', 'author': 'Bob'}
2025-09-11 21:15:42 | INFO | {'message': 'I just tried a movie! It was amazing.', 'author': 'Alice'}
2025-09-11 21:15:45 | INFO | {'message': 'I just loved a movie! It was amazing.', 'author': 'Eve'}
2025-09-11 21:15:48 | INFO | {'message': 'I just found an app! It was funny.', 'author': 'Charlie'}
2025-09-11 21:15:51 | INFO | {'message': 'I just tried a meme! It was weird.', 'author': 'Charlie'}
2025-09-11 21:15:54 | INFO | {'message': 'I just loved a story! It was exciting.', 'author': 'Bob'}
2025-09-11 21:15:57 | INFO | {'message': 'I just found a trick! It was boring.', 'author': 'Alice'}
2025-09-11 21:16:02 | INFO | {'message': 'I just saw a meme! It was amazing.', 'author': 'Eve'}
2025-09-11 21:16:05 | INFO | {'message': 'I just shared a movie! It was funny.', 'author': 'Eve'}
2025-09-11 21:16:08 | INFO | {'message': 'I just tried an app! It was amazing.', 'author': 'Charlie'}
2025-09-11 21:16:11 | INFO | {'message': 'I just loved an app! It was exciting.', 'author': 'Eve'}
2025-09-11 21:16:14 | INFO | {'message': 'I just found a story! It was weird.', 'author': 'Charlie'}
2025-09-11 21:16:17 | INFO | {'message': 'I just loved a meme! It was amazing.', 'author': 'Charlie'}
2025-09-11 21:16:20 | INFO | {'message': 'I just saw a meme! It was funny.', 'author': 'Alice'}
2025-09-11 21:16:23 | INFO | {'message': 'I just shared a meme! It was exciting.', 'author': 'Alice'}
2025-09-11 21:16:26 | INFO | {'message': 'I just found a story! It was weird.', 'author': 'Charlie'}
2025-09-11 21:16:29 | INFO | {'message': 'I just saw a movie! It was exciting.', 'author': 'Charlie'}
2025-09-11 21:16:32 | INFO | {'message': 'I just loved an app! It was boring.', 'author': 'Bob'}
2025-09-11 21:16:37 | INFO | {'message': 'I just shared a trick! It was exciting.', 'author': 'Bob'}
2025-09-11 21:16:40 | INFO | {'message': 'I just shared a movie! It was weird.', 'author': 'Bob'}
2025-09-11 21:16:43 | INFO | {'message': 'I just tried an app! It was exciting.', 'author': 'Alice'}
2025-09-11 21:16:46 | INFO | {'message': 'I just tried a meme! It was exciting.', 'author': 'Charlie'}
2025-09-11 21:16:49 | INFO | {'message': 'I just saw an app! It was amazing.', 'author': 'Alice'}
2025-09-11 21:16:52 | INFO | {'message': 'I just shared a story! It was weird.', 'author': 'Charlie'}
2025-09-11 21:16:55 | INFO | {'message': 'I just found an app! It was exciting.', 'author': 'Bob'}
2025-09-11 21:16:58 | INFO | {'message': 'I just loved an app! It was weird.', 'author': 'Alice'}
2025-09-11 21:17:01 | INFO | {'message': 'I just saw a trick! It was weird.', 'author': 'Bob'}
2025-09-11 21:17:04 | INFO | {'message': 'I just shared an app! It was weird.', 'author': 'Charlie'}
2025-09-11 21:17:07 | INFO | {'message': 'I just shared a story! It was funny.', 'author': 'Alice'}
2025-09-11 21:17:12 | INFO | {'message': 'I just saw a meme! It was boring.', 'author': 'Eve'}
2025-09-11 21:17:15 | INFO | {'message': 'I just loved a story! It was amazing.', 'author': 'Alice'}
2025-09-11 21:17:18 | INFO | {'message': 'I just loved a movie! It was weird.', 'author': 'Alice'}
2025-09-11 21:17:21 | INFO | {'message': 'I just tried a meme! It was amazing.', 'author': 'Eve'}
2025-09-11 21:17:24 | INFO | {'message': 'I just saw a story! It was exciting.', 'author': 'Charlie'}
2025-09-11 21:17:27 | INFO | {'message': 'I just found a trick! It was weird.', 'author': 'Eve'}
2025-09-11 21:17:30 | INFO | {'message': 'I just tried a story! It was weird.', 'author': 'Charlie'}
2025-09-11 21:22:37 | INFO | Logging to file: logs/project_log.log
2025-09-11 21:22:37 | INFO | Log sanitization enabled, personal info removed
2025-09-11 21:22:37 | INFO | Project root: PROJECT_ROOT
2025-09-11 21:22:37 | INFO | Data folder: PROJECT_ROOT/data
2025-09-11 21:22:37 | INFO | Data file: PROJECT_ROOT/data/buzz_live.json
2025-09-11 21:22:37 | INFO | START producer...
2025-09-11 21:22:37 | INFO | Hit CTRL c (or CMD c) to close.
2025-09-11 21:22:37 | INFO | Message interval: 3 seconds
2025-09-11 21:22:37 | INFO | {'message': 'I just loved an app! It was weird.', 'author': 'Eve'}
2025-09-11 21:22:40 | INFO | {'message': 'I just found an app! It was exciting.', 'author': 'Charlie'}
2025-09-11 21:22:43 | INFO | {'message': 'I just tried a meme! It was exciting.', 'author': 'Charlie'}
2025-09-11 21:22:46 | INFO | {'message': 'I just saw a trick! It was boring.', 'author': 'Bob'}
2025-09-11 21:22:49 | INFO | {'message': 'I just saw a trick! It was weird.', 'author': 'Charlie'}
2025-09-11 21:22:52 | INFO | {'message': 'I just found an app! It was funny.', 'author': 'Bob'}
2025-09-11 21:22:55 | INFO | {'message': 'I just saw a meme! It was exciting.', 'author': 'Alice'}
2025-09-11 21:22:58 | INFO | Logging to file: logs/project_log.log
2025-09-11 21:22:58 | INFO | Log sanitization enabled, personal info removed
2025-09-11 21:22:58 | INFO | Project root: PROJECT_ROOT
2025-09-11 21:22:58 | INFO | Data folder: PROJECT_ROOT/data
2025-09-11 21:22:58 | INFO | Data file: PROJECT_ROOT/data/buzz_live.json
2025-09-11 21:22:58 | INFO | {'message': 'I just found a trick! It was funny.', 'author': 'Eve'}
2025-09-11 21:22:59 | INFO | START consumer.
2025-09-11 21:23:01 | INFO | {'message': 'I just shared a meme! It was weird.', 'author': 'Bob'}
2025-09-11 21:23:01 | INFO | Processed JSON message: {'message': 'I just shared a meme! It was weird.', 'author': 'Bob'}
2025-09-11 21:23:01 | INFO | Message received from author: Bob
2025-09-11 21:23:01 | INFO | Updated author counts: {'Bob': 1}
2025-09-11 21:23:01 | INFO | Chart updated successfully for message: {"message": "I just shared a meme! It was weird.", "author": "Bob"}

2025-09-11 21:23:04 | INFO | {'message': 'I just shared a movie! It was exciting.', 'author': 'Alice'}
2025-09-11 21:23:04 | INFO | Processed JSON message: {'message': 'I just shared a movie! It was exciting.', 'author': 'Alice'}
2025-09-11 21:23:04 | INFO | Message received from author: Alice
2025-09-11 21:23:04 | INFO | Updated author counts: {'Bob': 1, 'Alice': 1}
2025-09-11 21:23:04 | INFO | Chart updated successfully for message: {"message": "I just shared a movie! It was exciting.", "author": "Alice"}

2025-09-11 21:23:07 | INFO | {'message': 'I just saw an app! It was boring.', 'author': 'Bob'}
2025-09-11 21:23:07 | INFO | Processed JSON message: {'message': 'I just saw an app! It was boring.', 'author': 'Bob'}
2025-09-11 21:23:07 | INFO | Message received from author: Bob
2025-09-11 21:23:07 | INFO | Updated author counts: {'Bob': 2, 'Alice': 1}
2025-09-11 21:23:07 | INFO | Chart updated successfully for message: {"message": "I just saw an app! It was boring.", "author": "Bob"}

2025-09-11 21:23:10 | INFO | {'message': 'I just found an app! It was funny.', 'author': 'Eve'}
2025-09-11 21:23:10 | INFO | Processed JSON message: {'message': 'I just found an app! It was funny.', 'author': 'Eve'}
2025-09-11 21:23:10 | INFO | Message received from author: Eve
2025-09-11 21:23:10 | INFO | Updated author counts: {'Bob': 2, 'Alice': 1, 'Eve': 1}
2025-09-11 21:23:10 | INFO | Chart updated successfully for message: {"message": "I just found an app! It was funny.", "author": "Eve"}

2025-09-11 21:23:13 | INFO | {'message': 'I just tried a trick! It was funny.', 'author': 'Charlie'}
2025-09-11 21:23:13 | INFO | Processed JSON message: {'message': 'I just tried a trick! It was funny.', 'author': 'Charlie'}
2025-09-11 21:23:13 | INFO | Message received from author: Charlie
2025-09-11 21:23:13 | INFO | Updated author counts: {'Bob': 2, 'Alice': 1, 'Eve': 1, 'Charlie': 1}
2025-09-11 21:23:13 | INFO | Chart updated successfully for message: {"message": "I just tried a trick! It was funny.", "author": "Charlie"}

2025-09-11 21:23:16 | INFO | {'message': 'I just tried a meme! It was exciting.', 'author': 'Eve'}
2025-09-11 21:23:16 | INFO | Processed JSON message: {'message': 'I just tried a meme! It was exciting.', 'author': 'Eve'}
2025-09-11 21:23:16 | INFO | Message received from author: Eve
2025-09-11 21:23:16 | INFO | Updated author counts: {'Bob': 2, 'Alice': 1, 'Eve': 2, 'Charlie': 1}
2025-09-11 21:23:16 | INFO | Chart updated successfully for message: {"message": "I just tried a meme! It was exciting.", "author": "Eve"}

2025-09-11 21:23:19 | INFO | {'message': 'I just saw an app! It was funny.', 'author': 'Charlie'}
2025-09-11 21:23:19 | INFO | Processed JSON message: {'message': 'I just saw an app! It was funny.', 'author': 'Charlie'}
2025-09-11 21:23:19 | INFO | Message received from author: Charlie
2025-09-11 21:23:19 | INFO | Updated author counts: {'Bob': 2, 'Alice': 1, 'Eve': 2, 'Charlie': 2}
2025-09-11 21:23:19 | INFO | Chart updated successfully for message: {"message": "I just saw an app! It was funny.", "author": "Charlie"}

2025-09-11 21:23:22 | INFO | {'message': 'I just loved an app! It was exciting.', 'author': 'Eve'}
2025-09-11 21:23:22 | INFO | Processed JSON message: {'message': 'I just loved an app! It was exciting.', 'author': 'Eve'}
2025-09-11 21:23:22 | INFO | Message received from author: Eve
2025-09-11 21:23:22 | INFO | Updated author counts: {'Bob': 2, 'Alice': 1, 'Eve': 3, 'Charlie': 2}
2025-09-11 21:23:22 | INFO | Chart updated successfully for message: {"message": "I just loved an app! It was exciting.", "author": "Eve"}

2025-09-11 21:23:25 | INFO | {'message': 'I just shared a story! It was boring.', 'author': 'Bob'}
2025-09-11 21:23:25 | INFO | Processed JSON message: {'message': 'I just shared a story! It was boring.', 'author': 'Bob'}
2025-09-11 21:23:25 | INFO | Message received from author: Bob
2025-09-11 21:23:25 | INFO | Updated author counts: {'Bob': 3, 'Alice': 1, 'Eve': 3, 'Charlie': 2}
2025-09-11 21:23:25 | INFO | Chart updated successfully for message: {"message": "I just shared a story! It was boring.", "author": "Bob"}

2025-09-11 21:23:28 | INFO | {'message': 'I just saw a meme! It was weird.', 'author': 'Alice'}
2025-09-11 21:23:28 | INFO | Processed JSON message: {'message': 'I just saw a meme! It was weird.', 'author': 'Alice'}
2025-09-11 21:23:28 | INFO | Message received from author: Alice
2025-09-11 21:23:28 | INFO | Updated author counts: {'Bob': 3, 'Alice': 2, 'Eve': 3, 'Charlie': 2}
2025-09-11 21:23:29 | INFO | Chart updated successfully for message: {"message": "I just saw a meme! It was weird.", "author": "Alice"}

2025-09-11 21:23:31 | INFO | {'message': 'I just shared a meme! It was exciting.', 'author': 'Alice'}
2025-09-11 21:23:31 | INFO | Processed JSON message: {'message': 'I just shared a meme! It was exciting.', 'author': 'Alice'}
2025-09-11 21:23:31 | INFO | Message received from author: Alice
2025-09-11 21:23:31 | INFO | Updated author counts: {'Bob': 3, 'Alice': 3, 'Eve': 3, 'Charlie': 2}
2025-09-11 21:23:31 | INFO | Chart updated successfully for message: {"message": "I just shared a meme! It was exciting.", "author": "Alice"}

2025-09-11 21:23:34 | INFO | {'message': 'I just tried a trick! It was exciting.', 'author': 'Bob'}
2025-09-11 21:23:34 | INFO | Processed JSON message: {'message': 'I just tried a trick! It was exciting.', 'author': 'Bob'}
2025-09-11 21:23:34 | INFO | Message received from author: Bob
2025-09-11 21:23:34 | INFO | Updated author counts: {'Bob': 4, 'Alice': 3, 'Eve': 3, 'Charlie': 2}
2025-09-11 21:23:34 | INFO | Chart updated successfully for message: {"message": "I just tried a trick! It was exciting.", "author": "Bob"}

2025-09-11 21:23:37 | INFO | {'message': 'I just shared a story! It was weird.', 'author': 'Bob'}
2025-09-11 21:23:37 | INFO | Processed JSON message: {'message': 'I just shared a story! It was weird.', 'author': 'Bob'}
2025-09-11 21:23:37 | INFO | Message received from author: Bob
2025-09-11 21:23:37 | INFO | Updated author counts: {'Bob': 5, 'Alice': 3, 'Eve': 3, 'Charlie': 2}
2025-09-11 21:23:37 | INFO | Chart updated successfully for message: {"message": "I just shared a story! It was weird.", "author": "Bob"}

2025-09-11 21:23:40 | INFO | {'message': 'I just found a movie! It was exciting.', 'author': 'Alice'}
2025-09-11 21:23:40 | INFO | Processed JSON message: {'message': 'I just found a movie! It was exciting.', 'author': 'Alice'}
2025-09-11 21:23:40 | INFO | Message received from author: Alice
2025-09-11 21:23:40 | INFO | Updated author counts: {'Bob': 5, 'Alice': 4, 'Eve': 3, 'Charlie': 2}
2025-09-11 21:23:40 | INFO | Chart updated successfully for message: {"message": "I just found a movie! It was exciting.", "author": "Alice"}

2025-09-11 21:23:43 | INFO | {'message': 'I just loved a meme! It was funny.', 'author': 'Eve'}
2025-09-11 21:23:43 | INFO | Processed JSON message: {'message': 'I just loved a meme! It was funny.', 'author': 'Eve'}
2025-09-11 21:23:43 | INFO | Message received from author: Eve
2025-09-11 21:23:43 | INFO | Updated author counts: {'Bob': 5, 'Alice': 4, 'Eve': 4, 'Charlie': 2}
2025-09-11 21:23:43 | INFO | Chart updated successfully for message: {"message": "I just loved a meme! It was funny.", "author": "Eve"}

2025-09-11 21:23:46 | INFO | {'message': 'I just tried a movie! It was weird.', 'author': 'Charlie'}
2025-09-11 21:23:46 | INFO | Processed JSON message: {'message': 'I just tried a movie! It was weird.', 'author': 'Charlie'}
2025-09-11 21:23:46 | INFO | Message received from author: Charlie
2025-09-11 21:23:46 | INFO | Updated author counts: {'Bob': 5, 'Alice': 4, 'Eve': 4, 'Charlie': 3}
2025-09-11 21:23:46 | INFO | Chart updated successfully for message: {"message": "I just tried a movie! It was weird.", "author": "Charlie"}

2025-09-11 21:23:49 | INFO | {'message': 'I just saw a movie! It was weird.', 'author': 'Eve'}
2025-09-11 21:23:49 | INFO | Processed JSON message: {'message': 'I just saw a movie! It was weird.', 'author': 'Eve'}
2025-09-11 21:23:49 | INFO | Message received from author: Eve
2025-09-11 21:23:49 | INFO | Updated author counts: {'Bob': 5, 'Alice': 4, 'Eve': 5, 'Charlie': 3}
2025-09-11 21:23:49 | INFO | Chart updated successfully for message: {"message": "I just saw a movie! It was weird.", "author": "Eve"}

2025-09-11 21:23:52 | INFO | {'message': 'I just loved an app! It was weird.', 'author': 'Eve'}
2025-09-11 21:23:52 | INFO | Processed JSON message: {'message': 'I just loved an app! It was weird.', 'author': 'Eve'}
2025-09-11 21:23:52 | INFO | Message received from author: Eve
2025-09-11 21:23:52 | INFO | Updated author counts: {'Bob': 5, 'Alice': 4, 'Eve': 6, 'Charlie': 3}
2025-09-11 21:23:52 | INFO | Chart updated successfully for message: {"message": "I just loved an app! It was weird.", "author": "Eve"}

2025-09-11 21:23:55 | INFO | {'message': 'I just found a story! It was weird.', 'author': 'Alice'}
2025-09-11 21:23:55 | INFO | Processed JSON message: {'message': 'I just found a story! It was weird.', 'author': 'Alice'}
2025-09-11 21:23:55 | INFO | Message received from author: Alice
2025-09-11 21:23:55 | INFO | Updated author counts: {'Bob': 5, 'Alice': 5, 'Eve': 6, 'Charlie': 3}
2025-09-11 21:23:55 | INFO | Chart updated successfully for message: {"message": "I just found a story! It was weird.", "author": "Alice"}

2025-09-11 21:23:58 | INFO | {'message': 'I just loved a story! It was weird.', 'author': 'Alice'}
2025-09-11 21:23:58 | INFO | Processed JSON message: {'message': 'I just loved a story! It was weird.', 'author': 'Alice'}
2025-09-11 21:23:58 | INFO | Message received from author: Alice
2025-09-11 21:23:58 | INFO | Updated author counts: {'Bob': 5, 'Alice': 6, 'Eve': 6, 'Charlie': 3}
2025-09-11 21:23:58 | INFO | Chart updated successfully for message: {"message": "I just loved a story! It was weird.", "author": "Alice"}

2025-09-11 21:24:01 | INFO | {'message': 'I just found a trick! It was weird.', 'author': 'Alice'}
2025-09-11 21:24:01 | INFO | Processed JSON message: {'message': 'I just found a trick! It was weird.', 'author': 'Alice'}
2025-09-11 21:24:01 | INFO | Message received from author: Alice
2025-09-11 21:24:01 | INFO | Updated author counts: {'Bob': 5, 'Alice': 7, 'Eve': 6, 'Charlie': 3}
2025-09-11 21:24:01 | INFO | Chart updated successfully for message: {"message": "I just found a trick! It was weird.", "author": "Alice"}

2025-09-11 21:24:04 | INFO | {'message': 'I just tried a movie! It was boring.', 'author': 'Bob'}
2025-09-11 21:24:04 | INFO | Processed JSON message: {'message': 'I just tried a movie! It was boring.', 'author': 'Bob'}
2025-09-11 21:24:04 | INFO | Message received from author: Bob
2025-09-11 21:24:04 | INFO | Updated author counts: {'Bob': 6, 'Alice': 7, 'Eve': 6, 'Charlie': 3}
2025-09-11 21:24:04 | INFO | Chart updated successfully for message: {"message": "I just tried a movie! It was boring.", "author": "Bob"}

2025-09-11 21:24:07 | INFO | {'message': 'I just shared a trick! It was weird.', 'author': 'Eve'}
2025-09-11 21:24:07 | INFO | Processed JSON message: {'message': 'I just shared a trick! It was weird.', 'author': 'Eve'}
2025-09-11 21:24:07 | INFO | Message received from author: Eve
2025-09-11 21:24:07 | INFO | Updated author counts: {'Bob': 6, 'Alice': 7, 'Eve': 7, 'Charlie': 3}
2025-09-11 21:24:07 | INFO | Chart updated successfully for message: {"message": "I just shared a trick! It was weird.", "author": "Eve"}

2025-09-11 21:24:10 | INFO | {'message': 'I just tried a trick! It was exciting.', 'author': 'Charlie'}
2025-09-11 21:24:10 | INFO | Processed JSON message: {'message': 'I just tried a trick! It was exciting.', 'author': 'Charlie'}
2025-09-11 21:24:10 | INFO | Message received from author: Charlie
2025-09-11 21:24:10 | INFO | Updated author counts: {'Bob': 6, 'Alice': 7, 'Eve': 7, 'Charlie': 4}
2025-09-11 21:24:10 | INFO | Chart updated successfully for message: {"message": "I just tried a trick! It was exciting.", "author": "Charlie"}

2025-09-11 21:24:13 | INFO | {'message': 'I just found a meme! It was exciting.', 'author': 'Charlie'}
2025-09-11 21:24:13 | INFO | Processed JSON message: {'message': 'I just found a meme! It was exciting.', 'author': 'Charlie'}
2025-09-11 21:24:13 | INFO | Message received from author: Charlie
2025-09-11 21:24:13 | INFO | Updated author counts: {'Bob': 6, 'Alice': 7, 'Eve': 7, 'Charlie': 5}
2025-09-11 21:24:13 | INFO | Chart updated successfully for message: {"message": "I just found a meme! It was exciting.", "author": "Charlie"}

2025-09-11 21:24:16 | INFO | {'message': 'I just found a movie! It was weird.', 'author': 'Eve'}
2025-09-11 21:24:16 | INFO | Processed JSON message: {'message': 'I just found a movie! It was weird.', 'author': 'Eve'}
2025-09-11 21:24:16 | INFO | Message received from author: Eve
2025-09-11 21:24:16 | INFO | Updated author counts: {'Bob': 6, 'Alice': 7, 'Eve': 8, 'Charlie': 5}
2025-09-11 21:24:16 | INFO | Chart updated successfully for message: {"message": "I just found a movie! It was weird.", "author": "Eve"}

2025-09-11 21:24:19 | INFO | {'message': 'I just shared a movie! It was amazing.', 'author': 'Bob'}
2025-09-11 21:24:19 | INFO | Processed JSON message: {'message': 'I just shared a movie! It was amazing.', 'author': 'Bob'}
2025-09-11 21:24:19 | INFO | Message received from author: Bob
2025-09-11 21:24:19 | INFO | Updated author counts: {'Bob': 7, 'Alice': 7, 'Eve': 8, 'Charlie': 5}
2025-09-11 21:24:20 | INFO | Chart updated successfully for message: {"message": "I just shared a movie! It was amazing.", "author": "Bob"}

2025-09-11 21:24:21 | INFO | Consumer interrupted by user.
2025-09-11 21:24:22 | WARNING | Producer interrupted by user.
2025-09-11 21:24:22 | INFO | Producer shutting down.
2025-09-11 21:24:23 | INFO | Consumer closed.
