2025-09-11 21:15:22 | INFO | Chart updated successfully for message: {"message": "I just found a movie! It was exciting.", "author": "Charlie"}

2025-09-11 21:15:25 | INFO | Processed JSON message: {'message': 'I just shared a trick! It was boring.', 'author': 'Bob'}
2025-09-11 21:15:25 | INFO | Message received from author: Bob
2025-09-11 21:15:25 | INFO | Updated author counts: {'Charlie': 18, 'Eve': 13, 'Bob': 13, 'Alice': 14}
2025-09-11 21:15:27 | INFO | Chart updated successfully for message: {"message": "I just shared a trick! It was boring.", "author": "Bob"}

2025-09-11 21:15:30 | INFO | Processed JSON message: {'message': 'I just found a meme! It was boring.', 'author': 'Eve'}
2025-09-11 21:15:30 | INFO | Message received from author: Eve
2025-09-11 21:15:30 | INFO | Updated author counts: {'Charlie': 18, 'Eve': 14, 'Bob': 13, 'Alice': 14}
2025-09-11 21:15:30 | INFO | Chart updated successfully for message: {"message": "I just found a meme! It was boring.", "author": "Eve"}

2025-09-11 21:15:33 | INFO | Processed JSON message: {'message': 'I just saw a movie! It was amazing.', 'author': 'Alice'}
2025-09-11 21:15:33 | INFO | Message received from author: Alice
2025-09-11 21:15:33 | INFO | Updated author counts: {'Charlie': 18, 'Eve': 14, 'Bob': 13, 'Alice': 15}
2025-09-11 21:15:33 | INFO | Chart updated successfully for message: {"message": "I just saw a movie! It was amazing.", "author": "Alice"}

2025-09-11 21:15:36 | INFO | Processed JSON message: {'message': 'I just shared an app! It was amazing.', 'author': 'Bob'}
2025-09-11 21:15:36 | INFO | Message received from author: Bob
2025-09-11 21:15:36 | INFO | Updated author counts: {'Charlie': 18, 'Eve': 14, 'Bob': 14, 'Alice': 15}
2025-09-11 21:15:36 | INFO | Chart updated successfully for message: {"message": "I just shared an app! It was amazing.", "author": "Bob"}

2025-09-11 21:15:39 | INFO | Processed JSON message: {'message': 'I just shared an app! It was exciting.', 'author': 'Bob'}
2025-09-11 21:15:39 | INFO | Message received from author: Bob
2025-09-11 21:15:39 | INFO | Updated author counts: {'Charlie': 18, 'Eve': 14, 'Bob': 15, 'Alice': 15}
2025-09-11 21:15:39 | INFO | Chart updated successfully for message: {"message": "I just shared an app! It was exciting.", "author": "Bob"}

2025-09-11 21:15:42 | INFO | Processed JSON message: {'message': 'I just tried a movie! It was amazing.', 'author': 'Alice'}
2025-09-11 21:15:42 | INFO | Message received from author: Alice
2025-09-11 21:15:42 | INFO | Updated author counts: {'Charlie': 18, 'Eve': 14, 'Bob': 15, 'Alice': 16}
2025-09-11 21:15:42 | INFO | Chart updated successfully for message: {"message": "I just tried a movie! It was amazing.", "author": "Alice"}

2025-09-11 21:15:45 | INFO | Processed JSON message: {'message': 'I just loved a movie! It was amazing.', 'author': 'Eve'}
2025-09-11 21:15:45 | INFO | Message received from author: Eve
2025-09-11 21:15:45 | INFO | Updated author counts: {'Charlie': 18, 'Eve': 15, 'Bob': 15, 'Alice': 16}
2025-09-11 21:15:45 | INFO | Chart updated successfully for message: {"message": "I just loved a movie! It was amazing.", "author": "Eve"}

2025-09-11 21:15:48 | INFO | Processed JSON message: {'message': 'I just found an app! It was funny.', 'author': 'Charlie'}
2025-09-11 21:15:48 | INFO | Message received from author: Charlie
2025-09-11 21:15:48 | INFO | Updated author counts: {'Charlie': 19, 'Eve': 15, 'Bob': 15, 'Alice': 16}
2025-09-11 21:15:48 | INFO | Chart updated successfully for message: {"message": "I just found an app! It was funny.", "author": "Charlie"}

2025-09-11 21:15:51 | INFO | Processed JSON message: {'message': 'I just tried a meme! It was weird.', 'author': 'Charlie'}
2025-09-11 21:15:51 | INFO | Message received from author: Charlie
2025-09-11 21:15:51 | INFO | Updated author counts: {'Charlie': 20, 'Eve': 15, 'Bob': 15, 'Alice': 16}
2025-09-11 21:15:51 | INFO | Chart updated successfully for message: {"message": "I just tried a meme! It was weird.", "author": "Charlie"}

2025-09-11 21:15:54 | INFO | Processed JSON message: {'message': 'I just loved a story! It was exciting.', 'author': 'Bob'}
2025-09-11 21:15:54 | INFO | Message received from author: Bob
2025-09-11 21:15:54 | INFO | Updated author counts: {'Charlie': 20, 'Eve': 15, 'Bob': 16, 'Alice': 16}
2025-09-11 21:15:54 | INFO | Chart updated successfully for message: {"message": "I just loved a story! It was exciting.", "author": "Bob"}

2025-09-11 21:15:57 | INFO | Processed JSON message: {'message': 'I just found a trick! It was boring.', 'author': 'Alice'}
2025-09-11 21:15:57 | INFO | Message received from author: Alice
2025-09-11 21:15:57 | INFO | Updated author counts: {'Charlie': 20, 'Eve': 15, 'Bob': 16, 'Alice': 17}
2025-09-11 21:15:57 | INFO | Chart updated successfully for message: {"message": "I just found a trick! It was boring.", "author": "Alice"}

2025-09-11 21:16:02 | INFO | Processed JSON message: {'message': 'I just saw a meme! It was amazing.', 'author': 'Eve'}
2025-09-11 21:16:02 | INFO | Message received from author: Eve
2025-09-11 21:16:02 | INFO | Updated author counts: {'Charlie': 20, 'Eve': 16, 'Bob': 16, 'Alice': 17}
2025-09-11 21:16:02 | INFO | Chart updated successfully for message: {"message": "I just saw a meme! It was amazing.", "author": "Eve"}

2025-09-11 21:16:05 | INFO | Processed JSON message: {'message': 'I just shared a movie! It was funny.', 'author': 'Eve'}
2025-09-11 21:16:05 | INFO | Message received from author: Eve
2025-09-11 21:16:05 | INFO | Updated author counts: {'Charlie': 20, 'Eve': 17, 'Bob': 16, 'Alice': 17}
2025-09-11 21:16:05 | INFO | Chart updated successfully for message: {"message": "I just shared a movie! It was funny.", "author": "Eve"}

2025-09-11 21:16:08 | INFO | Processed JSON message: {'message': 'I just tried an app! It was amazing.', 'author': 'Charlie'}
2025-09-11 21:16:08 | INFO | Message received from author: Charlie
2025-09-11 21:16:08 | INFO | Updated author counts: {'Charlie': 21, 'Eve': 17, 'Bob': 16, 'Alice': 17}
2025-09-11 21:16:08 | INFO | Chart updated successfully for message: {"message": "I just tried an app! It was amazing.", "author": "Charlie"}

2025-09-11 21:16:11 | INFO | Processed JSON message: {'message': 'I just loved an app! It was exciting.', 'author': 'Eve'}
2025-09-11 21:16:11 | INFO | Message received from author: Eve
2025-09-11 21:16:11 | INFO | Updated author counts: {'Charlie': 21, 'Eve': 18, 'Bob': 16, 'Alice': 17}
2025-09-11 21:16:11 | INFO | Chart updated successfully for message: {"message": "I just loved an app! It was exciting.", "author": "Eve"}

2025-09-11 21:16:14 | INFO | Processed JSON message: {'message': 'I just found a story! It was weird.', 'author': 'Charlie'}
2025-09-11 21:16:14 | INFO | Message received from author: Charlie
2025-09-11 21:16:14 | INFO | Updated author counts: {'Charlie': 22, 'Eve': 18, 'Bob': 16, 'Alice': 17}
2025-09-11 21:16:14 | INFO | Chart updated successfully for message: {"message": "I just found a story! It was weird.", "author": "Charlie"}

2025-09-11 21:16:17 | INFO | Processed JSON message: {'message': 'I just loved a meme! It was amazing.', 'author': 'Charlie'}
2025-09-11 21:16:17 | INFO | Message received from author: Charlie
2025-09-11 21:16:17 | INFO | Updated author counts: {'Charlie': 23, 'Eve': 18, 'Bob': 16, 'Alice': 17}
2025-09-11 21:16:17 | INFO | Chart updated successfully for message: {"message": "I just loved a meme! It was amazing.", "author": "Charlie"}

2025-09-11 21:16:20 | INFO | Processed JSON message: {'message': 'I just saw a meme! It was funny.', 'author': 'Alice'}
2025-09-11 21:16:20 | INFO | Message received from author: Alice
2025-09-11 21:16:20 | INFO | Updated author counts: {'Charlie': 23, 'Eve': 18, 'Bob': 16, 'Alice': 18}
2025-09-11 21:16:20 | INFO | Chart updated successfully for message: {"message": "I just saw a meme! It was funny.", "author": "Alice"}

2025-09-11 21:16:23 | INFO | Processed JSON message: {'message': 'I just shared a meme! It was exciting.', 'author': 'Alice'}
2025-09-11 21:16:23 | INFO | Message received from author: Alice
2025-09-11 21:16:23 | INFO | Updated author counts: {'Charlie': 23, 'Eve': 18, 'Bob': 16, 'Alice': 19}
2025-09-11 21:16:23 | INFO | Chart updated successfully for message: {"message": "I just shared a meme! It was exciting.", "author": "Alice"}

2025-09-11 21:16:26 | INFO | Processed JSON message: {'message': 'I just found a story! It was weird.', 'author': 'Charlie'}
2025-09-11 21:16:26 | INFO | Message received from author: Charlie
2025-09-11 21:16:26 | INFO | Updated author counts: {'Charlie': 24, 'Eve': 18, 'Bob': 16, 'Alice': 19}
2025-09-11 21:16:26 | INFO | Chart updated successfully for message: {"message": "I just found a story! It was weird.", "author": "Charlie"}

2025-09-11 21:16:29 | INFO | Processed JSON message: {'message': 'I just saw a movie! It was exciting.', 'author': 'Charlie'}
2025-09-11 21:16:29 | INFO | Message received from author: Charlie
2025-09-11 21:16:29 | INFO | Updated author counts: {'Charlie': 25, 'Eve': 18, 'Bob': 16, 'Alice': 19}
2025-09-11 21:16:29 | INFO | Chart updated successfully for message: {"message": "I just saw a movie! It was exciting.", "author": "Charlie"}

2025-09-11 21:16:32 | INFO | Processed JSON message: {'message': 'I just loved an app! It was boring.', 'author': 'Bob'}
2025-09-11 21:16:32 | INFO | Message received from author: Bob
2025-09-11 21:16:32 | INFO | Updated author counts: {'Charlie': 25, 'Eve': 18, 'Bob': 17, 'Alice': 19}
2025-09-11 21:16:32 | INFO | Chart updated successfully for message: {"message": "I just loved an app! It was boring.", "author": "Bob"}

2025-09-11 21:16:37 | INFO | Processed JSON message: {'message': 'I just shared a trick! It was exciting.', 'author': 'Bob'}
2025-09-11 21:16:37 | INFO | Message received from author: Bob
2025-09-11 21:16:37 | INFO | Updated author counts: {'Charlie': 25, 'Eve': 18, 'Bob': 18, 'Alice': 19}
2025-09-11 21:16:38 | INFO | Chart updated successfully for message: {"message": "I just shared a trick! It was exciting.", "author": "Bob"}

2025-09-11 21:16:40 | INFO | Processed JSON message: {'message': 'I just shared a movie! It was weird.', 'author': 'Bob'}
2025-09-11 21:16:40 | INFO | Message received from author: Bob
2025-09-11 21:16:40 | INFO | Updated author counts: {'Charlie': 25, 'Eve': 18, 'Bob': 19, 'Alice': 19}
2025-09-11 21:16:40 | INFO | Chart updated successfully for message: {"message": "I just shared a movie! It was weird.", "author": "Bob"}

2025-09-11 21:16:43 | INFO | Processed JSON message: {'message': 'I just tried an app! It was exciting.', 'author': 'Alice'}
2025-09-11 21:16:43 | INFO | Message received from author: Alice
2025-09-11 21:16:43 | INFO | Updated author counts: {'Charlie': 25, 'Eve': 18, 'Bob': 19, 'Alice': 20}
2025-09-11 21:16:43 | INFO | Chart updated successfully for message: {"message": "I just tried an app! It was exciting.", "author": "Alice"}

2025-09-11 21:16:46 | INFO | Processed JSON message: {'message': 'I just tried a meme! It was exciting.', 'author': 'Charlie'}
2025-09-11 21:16:46 | INFO | Message received from author: Charlie
2025-09-11 21:16:46 | INFO | Updated author counts: {'Charlie': 26, 'Eve': 18, 'Bob': 19, 'Alice': 20}
2025-09-11 21:16:47 | INFO | Chart updated successfully for message: {"message": "I just tried a meme! It was exciting.", "author": "Charlie"}

2025-09-11 21:16:49 | INFO | Processed JSON message: {'message': 'I just saw an app! It was amazing.', 'author': 'Alice'}
2025-09-11 21:16:49 | INFO | Message received from author: Alice
2025-09-11 21:16:49 | INFO | Updated author counts: {'Charlie': 26, 'Eve': 18, 'Bob': 19, 'Alice': 21}
2025-09-11 21:16:49 | INFO | Chart updated successfully for message: {"message": "I just saw an app! It was amazing.", "author": "Alice"}

2025-09-11 21:16:52 | INFO | Processed JSON message: {'message': 'I just shared a story! It was weird.', 'author': 'Charlie'}
2025-09-11 21:16:52 | INFO | Message received from author: Charlie
2025-09-11 21:16:52 | INFO | Updated author counts: {'Charlie': 27, 'Eve': 18, 'Bob': 19, 'Alice': 21}
2025-09-11 21:16:52 | INFO | Chart updated successfully for message: {"message": "I just shared a story! It was weird.", "author": "Charlie"}

2025-09-11 21:16:55 | INFO | Processed JSON message: {'message': 'I just found an app! It was exciting.', 'author': 'Bob'}
2025-09-11 21:16:55 | INFO | Message received from author: Bob
2025-09-11 21:16:55 | INFO | Updated author counts: {'Charlie': 27, 'Eve': 18, 'Bob': 20, 'Alice': 21}
2025-09-11 21:16:55 | INFO | Chart updated successfully for message: {"message": "I just found an app! It was exciting.", "author": "Bob"}

2025-09-11 21:16:59 | INFO | Processed JSON message: {'message': 'I just loved an app! It was weird.', 'author': 'Alice'}
2025-09-11 21:16:59 | INFO | Message received from author: Alice
2025-09-11 21:16:59 | INFO | Updated author counts: {'Charlie': 27, 'Eve': 18, 'Bob': 20, 'Alice': 22}
2025-09-11 21:16:59 | INFO | Chart updated successfully for message: {"message": "I just loved an app! It was weird.", "author": "Alice"}

2025-09-11 21:17:01 | INFO | Processed JSON message: {'message': 'I just saw a trick! It was weird.', 'author': 'Bob'}
2025-09-11 21:17:01 | INFO | Message received from author: Bob
2025-09-11 21:17:01 | INFO | Updated author counts: {'Charlie': 27, 'Eve': 18, 'Bob': 21, 'Alice': 22}
2025-09-11 21:17:01 | INFO | Chart updated successfully for message: {"message": "I just saw a trick! It was weird.", "author": "Bob"}

2025-09-11 21:17:04 | INFO | Processed JSON message: {'message': 'I just shared an app! It was weird.', 'author': 'Charlie'}
2025-09-11 21:17:04 | INFO | Message received from author: Charlie
2025-09-11 21:17:04 | INFO | Updated author counts: {'Charlie': 28, 'Eve': 18, 'Bob': 21, 'Alice': 22}
2025-09-11 21:17:04 | INFO | Chart updated successfully for message: {"message": "I just shared an app! It was weird.", "author": "Charlie"}

2025-09-11 21:17:07 | INFO | Processed JSON message: {'message': 'I just shared a story! It was funny.', 'author': 'Alice'}
2025-09-11 21:17:07 | INFO | Message received from author: Alice
2025-09-11 21:17:07 | INFO | Updated author counts: {'Charlie': 28, 'Eve': 18, 'Bob': 21, 'Alice': 23}
2025-09-11 21:17:07 | INFO | Chart updated successfully for message: {"message": "I just shared a story! It was funny.", "author": "Alice"}

2025-09-11 21:17:12 | INFO | Processed JSON message: {'message': 'I just saw a meme! It was boring.', 'author': 'Eve'}
2025-09-11 21:17:12 | INFO | Message received from author: Eve
2025-09-11 21:17:12 | INFO | Updated author counts: {'Charlie': 28, 'Eve': 19, 'Bob': 21, 'Alice': 23}
2025-09-11 21:17:13 | INFO | Chart updated successfully for message: {"message": "I just saw a meme! It was boring.", "author": "Eve"}

2025-09-11 21:17:16 | INFO | Processed JSON message: {'message': 'I just loved a story! It was amazing.', 'author': 'Alice'}
2025-09-11 21:17:16 | INFO | Message received from author: Alice
2025-09-11 21:17:16 | INFO | Updated author counts: {'Charlie': 28, 'Eve': 19, 'Bob': 21, 'Alice': 24}
2025-09-11 21:17:16 | INFO | Chart updated successfully for message: {"message": "I just loved a story! It was amazing.", "author": "Alice"}

2025-09-11 21:17:18 | INFO | Processed JSON message: {'message': 'I just loved a movie! It was weird.', 'author': 'Alice'}
2025-09-11 21:17:18 | INFO | Message received from author: Alice
2025-09-11 21:17:18 | INFO | Updated author counts: {'Charlie': 28, 'Eve': 19, 'Bob': 21, 'Alice': 25}
2025-09-11 21:17:18 | INFO | Chart updated successfully for message: {"message": "I just loved a movie! It was weird.", "author": "Alice"}

2025-09-11 21:17:21 | INFO | Processed JSON message: {'message': 'I just tried a meme! It was amazing.', 'author': 'Eve'}
2025-09-11 21:17:21 | INFO | Message received from author: Eve
2025-09-11 21:17:21 | INFO | Updated author counts: {'Charlie': 28, 'Eve': 20, 'Bob': 21, 'Alice': 25}
2025-09-11 21:17:21 | INFO | Chart updated successfully for message: {"message": "I just tried a meme! It was amazing.", "author": "Eve"}

2025-09-11 21:17:24 | INFO | Processed JSON message: {'message': 'I just saw a story! It was exciting.', 'author': 'Charlie'}
2025-09-11 21:17:24 | INFO | Message received from author: Charlie
2025-09-11 21:17:24 | INFO | Updated author counts: {'Charlie': 29, 'Eve': 20, 'Bob': 21, 'Alice': 25}
2025-09-11 21:17:25 | INFO | Chart updated successfully for message: {"message": "I just saw a story! It was exciting.", "author": "Charlie"}

2025-09-11 21:17:28 | INFO | Processed JSON message: {'message': 'I just found a trick! It was weird.', 'author': 'Eve'}
2025-09-11 21:17:28 | INFO | Message received from author: Eve
2025-09-11 21:17:28 | INFO | Updated author counts: {'Charlie': 29, 'Eve': 21, 'Bob': 21, 'Alice': 25}
2025-09-11 21:17:28 | INFO | Chart updated successfully for message: {"message": "I just found a trick! It was weird.", "author": "Eve"}

2025-09-11 21:17:30 | INFO | Processed JSON message: {'message': 'I just tried a story! It was weird.', 'author': 'Charlie'}
2025-09-11 21:17:30 | INFO | Message received from author: Charlie
2025-09-11 21:17:30 | INFO | Updated author counts: {'Charlie': 30, 'Eve': 21, 'Bob': 21, 'Alice': 25}
2025-09-11 21:17:30 | INFO | Chart updated successfully for message: {"message": "I just tried a story! It was weird.", "author": "Charlie"}

