2025-09-11 21:15:25 | INFO | {'message': 'I just shared a trick! It was boring.', 'author': 'Bob'}
2025-09-11 21:15:30 | INFO | {'message': 'I just found a meme! It was boring.', 'author': 'Eve'}
2025-09-11 21:15:33 | INFO | {'message': 'I just saw a movie! It was amazing.', 'author': 'Alice'}
2025-09-11 21:15:36 | INFO | {'message': 'I just shared an app! It was amazing.', 'author': 'Bob'}
2025-09-11 21:15:39 | INFO | {'message': 'I just shared an app! It was exciting.', 'author': 'Bob'}
2025-09-11 21:15:42 | INFO | {'message': 'I just tried a movie! It was amazing.', 'author': 'Alice'}
2025-09-11 21:15:45 | INFO | {'message': 'I just loved a movie! It was amazing.', 'author': 'Eve'}
2025-09-11 21:15:48 | INFO | {'message': 'I just found an app! It was funny.', 'author': 'Charlie'}
2025-09-11 21:15:51 | INFO | {'message': 'I just tried a meme! It was weird.', 'author': 'Charlie'}
2025-09-11 21:15:54 | INFO | {'message': 'I just loved a story! It was exciting.', 'author': 'Bob'}
2025-09-11 21:15:57 | INFO | {'message': 'I just found a trick! It was boring.', 'author': 'Alice'}
2025-09-11 21:16:02 | INFO | {'message': 'I just saw a meme! It was amazing.', 'author': 'Eve'}
2025-09-11 21:16:05 | INFO | {'message': 'I just shared a movie! It was funny.', 'author': 'Eve'}
2025-09-11 21:16:08 | INFO | {'message': 'I just tried an app! It was amazing.', 'author': 'Charlie'}
2025-09-11 21:16:11 | INFO | {'message': 'I just loved an app! It was exciting.', 'author': 'Eve'}
2025-09-11 21:16:14 | INFO | {'message': 'I just found a story! It was weird.', 'author': 'Charlie'}
2025-09-11 21:16:17 | INFO | {'message': 'I just loved a meme! It was amazing.', 'author': 'Charlie'}
2025-09-11 21:16:20 | INFO | {'message': 'I just saw a meme! It was funny.', 'author': 'Alice'}
2025-09-11 21:16:23 | INFO | {'message': 'I just shared a meme! It was exciting.', 'author': 'Alice'}
2025-09-11 21:16:26 | INFO | {'message': 'I just found a story! It was weird.', 'author': 'Charlie'}
2025-09-11 21:16:29 | INFO | {'message': 'I just saw a movie! It was exciting.', 'author': 'Charlie'}
2025-09-11 21:16:32 | INFO | {'message': 'I just loved an app! It was boring.', 'author': 'Bob'}
2025-09-11 21:16:37 | INFO | {'message': 'I just shared a trick! It was exciting.', 'author': 'Bob'}
2025-09-11 21:16:40 | INFO | {'message': 'I just shared a movie! It was weird.', 'author': 'Bob'}
2025-09-11 21:16:43 | INFO | {'message': 'I just tried an app! It was exciting.', 'author': 'Alice'}
2025-09-11 21:16:46 | INFO | {'message': 'I just tried a meme! It was exciting.', 'author': 'Charlie'}
2025-09-11 21:16:49 | INFO | {'message': 'I just saw an app! It was amazing.', 'author': 'Alice'}
2025-09-11 21:16:52 | INFO | {'message': 'I just shared a story! It was weird.', 'author': 'Charlie'}
2025-09-11 21:16:55 | INFO | {'message': 'I just found an app! It was exciting.', 'author': 'Bob'}
2025-09-11 21:16:58 | INFO | {'message': 'I just loved an app! It was weird.', 'author': 'Alice'}
2025-09-11 21:17:01 | INFO | {'message': 'I just saw a trick! It was weird.', 'author': 'Bob'}
2025-09-11 21:17:04 | INFO | {'message': 'I just shared an app! It was weird.', 'author': 'Charlie'}
2025-09-11 21:17:07 | INFO | {'message': 'I just shared a story! It was funny.', 'author': 'Alice'}
2025-09-11 21:17:12 | INFO | {'message': 'I just saw a meme! It was boring.', 'author': 'Eve'}
2025-09-11 21:17:15 | INFO | {'message': 'I just loved a story! It was amazing.', 'author': 'Alice'}
2025-09-11 21:17:18 | INFO | {'message': 'I just loved a movie! It was weird.', 'author': 'Alice'}
2025-09-11 21:17:21 | INFO | {'message': 'I just tried a meme! It was amazing.', 'author': 'Eve'}
2025-09-11 21:17:24 | INFO | {'message': 'I just saw a story! It was exciting.', 'author': 'Charlie'}
2025-09-11 21:17:27 | INFO | {'message': 'I just found a trick! It was weird.', 'author': 'Eve'}
2025-09-11 21:17:30 | INFO | {'message': 'I just tried a story! It was weird.', 'author': 'Charlie'}
2025-09-11 21:22:37 | INFO | Logging to file: logs/project_log.log
2025-09-11 21:22:37 | INFO | Log sanitization enabled, personal info removed
2025-09-11 21:22:37 | INFO | Project root: PROJECT_ROOT
2025-09-11 21:22:37 | INFO | Data folder: PROJECT_ROOT/data
2025-09-11 21:22:37 | INFO | Data file: PROJECT_ROOT/data/buzz_live.json
2025-09-11 21:22:37 | INFO | START producer...
2025-09-11 21:22:37 | INFO | Hit CTRL c (or CMD c) to close.
2025-09-11 21:22:37 | INFO | Message interval: 3 seconds
2025-09-11 21:22:37 | INFO | {'message': 'I just loved an app! It was weird.', 'author': 'Eve'}
2025-09-11 21:22:40 | INFO | {'message': 'I just found an app! It was exciting.', 'author': 'Charlie'}
2025-09-11 21:22:43 | INFO | {'message': 'I just tried a meme! It was exciting.', 'author': 'Charlie'}
2025-09-11 21:22:46 | INFO | {'message': 'I just saw a trick! It was boring.', 'author': 'Bob'}
2025-09-11 21:22:49 | INFO | {'message': 'I just saw a trick! It was weird.', 'author': 'Charlie'}
2025-09-11 21:22:52 | INFO | {'message': 'I just found an app! It was funny.', 'author': 'Bob'}
2025-09-11 21:22:55 | INFO | {'message': 'I just saw a meme! It was exciting.', 'author': 'Alice'}
2025-09-11 21:22:58 | INFO | Logging to file: logs/project_log.log
2025-09-11 21:22:58 | INFO | Log sanitization enabled, personal info removed
2025-09-11 21:22:58 | INFO | Project root: PROJECT_ROOT
2025-09-11 21:22:58 | INFO | Data folder: PROJECT_ROOT/data
2025-09-11 21:22:58 | INFO | Data file: PROJECT_ROOT/data/buzz_live.json
2025-09-11 21:22:58 | INFO | {'message': 'I just found a trick! It was funny.', 'author': 'Eve'}
2025-09-11 21:22:59 | INFO | START consumer.
2025-09-11 21:23:01 | INFO | {'message': 'I just shared a meme! It was weird.', 'author': 'Bob'}
2025-09-11 21:23:01 | INFO | Processed JSON message: {'message': 'I just shared a meme! It was weird.', 'author': 'Bob'}
2025-09-11 21:23:01 | INFO | Message received from author: Bob
2025-09-11 21:23:01 | INFO | Updated author counts: {'Bob': 1}
2025-09-11 21:23:01 | INFO | Chart updated successfully for message: {"message": "I just shared a meme! It was weird.", "author": "Bob"}

2025-09-11 21:23:04 | INFO | {'message': 'I just shared a movie! It was exciting.', 'author': 'Alice'}
2025-09-11 21:23:04 | INFO | Processed JSON message: {'message': 'I just shared a movie! It was exciting.', 'author': 'Alice'}
2025-09-11 21:23:04 | INFO | Message received from author: Alice
2025-09-11 21:23:04 | INFO | Updated author counts: {'Bob': 1, 'Alice': 1}
2025-09-11 21:23:04 | INFO | Chart updated successfully for message: {"message": "I just shared a movie! It was exciting.", "author": "Alice"}

2025-09-11 21:23:07 | INFO | {'message': 'I just saw an app! It was boring.', 'author': 'Bob'}
2025-09-11 21:23:07 | INFO | Processed JSON message: {'message': 'I just saw an app! It was boring.', 'author': 'Bob'}
2025-09-11 21:23:07 | INFO | Message received from author: Bob
2025-09-11 21:23:07 | INFO | Updated author counts: {'Bob': 2, 'Alice': 1}
2025-09-11 21:23:07 | INFO | Chart updated successfully for message: {"message": "I just saw an app! It was boring.", "author": "Bob"}

2025-09-11 21:23:10 | INFO | {'message': 'I just found an app! It was funny.', 'author': 'Eve'}
2025-09-11 21:23:10 | INFO | Processed JSON message: {'message': 'I just found an app! It was funny.', 'author': 'Eve'}
2025-09-11 21:23:10 | INFO | Message received from author: Eve
2025-09-11 21:23:10 | INFO | Updated author counts: {'Bob': 2, 'Alice': 1, 'Eve': 1}
2025-09-11 21:23:10 | INFO | Chart updated successfully for message: {"message": "I just found an app! It was funny.", "author": "Eve"}

2025-09-11 21:23:13 | INFO | {'message': 'I just tried a trick! It was funny.', 'author': 'Charlie'}
2025-09-11 21:23:13 | INFO | Processed JSON message: {'message': 'I just tried a trick! It was funny.', 'author': 'Charlie'}
2025-09-11 21:23:13 | INFO | Message received from author: Charlie
2025-09-11 21:23:13 | INFO | Updated author counts: {'Bob': 2, 'Alice': 1, 'Eve': 1, 'Charlie': 1}
2025-09-11 21:23:13 | INFO | Chart updated successfully for message: {"message": "I just tried a trick! It was funny.", "author": "Charlie"}

2025-09-11 21:23:16 | INFO | {'message': 'I just tried a meme! It was exciting.', 'author': 'Eve'}
2025-09-11 21:23:16 | INFO | Processed JSON message: {'message': 'I just tried a meme! It was exciting.', 'author': 'Eve'}
2025-09-11 21:23:16 | INFO | Message received from author: Eve
2025-09-11 21:23:16 | INFO | Updated author counts: {'Bob': 2, 'Alice': 1, 'Eve': 2, 'Charlie': 1}
2025-09-11 21:23:16 | INFO | Chart updated successfully for message: {"message": "I just tried a meme! It was exciting.", "author": "Eve"}

2025-09-11 21:23:19 | INFO | {'message': 'I just saw an app! It was funny.', 'author': 'Charlie'}
2025-09-11 21:23:19 | INFO | Processed JSON message: {'message': 'I just saw an app! It was funny.', 'author': 'Charlie'}
2025-09-11 21:23:19 | INFO | Message received from author: Charlie
2025-09-11 21:23:19 | INFO | Updated author counts: {'Bob': 2, 'Alice': 1, 'Eve': 2, 'Charlie': 2}
2025-09-11 21:23:19 | INFO | Chart updated successfully for message: {"message": "I just saw an app! It was funny.", "author": "Charlie"}

2025-09-11 21:23:22 | INFO | {'message': 'I just loved an app! It was exciting.', 'author': 'Eve'}
2025-09-11 21:23:22 | INFO | Processed JSON message: {'message': 'I just loved an app! It was exciting.', 'author': 'Eve'}
2025-09-11 21:23:22 | INFO | Message received from author: Eve
2025-09-11 21:23:22 | INFO | Updated author counts: {'Bob': 2, 'Alice': 1, 'Eve': 3, 'Charlie': 2}
2025-09-11 21:23:22 | INFO | Chart updated successfully for message: {"message": "I just loved an app! It was exciting.", "author": "Eve"}

2025-09-11 21:23:25 | INFO | {'message': 'I just shared a story! It was boring.', 'author': 'Bob'}
2025-09-11 21:23:25 | INFO | Processed JSON message: {'message': 'I just shared a story! It was boring.', 'author': 'Bob'}
2025-09-11 21:23:25 | INFO | Message received from author: Bob
2025-09-11 21:23:25 | INFO | Updated author counts: {'Bob': 3, 'Alice': 1, 'Eve': 3, 'Charlie': 2}
2025-09-11 21:23:25 | INFO | Chart updated successfully for message: {"message": "I just shared a story! It was boring.", "author": "Bob"}

2025-09-11 21:23:28 | INFO | {'message': 'I just saw a meme! It was weird.', 'author': 'Alice'}
2025-09-11 21:23:28 | INFO | Processed JSON message: {'message': 'I just saw a meme! It was weird.', 'author': 'Alice'}
2025-09-11 21:23:28 | INFO | Message received from author: Alice
2025-09-11 21:23:28 | INFO | Updated author counts: {'Bob': 3, 'Alice': 2, 'Eve': 3, 'Charlie': 2}
2025-09-11 21:23:29 | INFO | Chart updated successfully for message: {"message": "I just saw a meme! It was weird.", "author": "Alice"}

2025-09-11 21:23:31 | INFO | {'message': 'I just shared a meme! It was exciting.', 'author': 'Alice'}
2025-09-11 21:23:31 | INFO | Processed JSON message: {'message': 'I just shared a meme! It was exciting.', 'author': 'Alice'}
2025-09-11 21:23:31 | INFO | Message received from author: Alice
2025-09-11 21:23:31 | INFO | Updated author counts: {'Bob': 3, 'Alice': 3, 'Eve': 3, 'Charlie': 2}
2025-09-11 21:23:31 | INFO | Chart updated successfully for message: {"message": "I just shared a meme! It was exciting.", "author": "Alice"}

2025-09-11 21:23:34 | INFO | {'message': 'I just tried a trick! It was exciting.', 'author': 'Bob'}
2025-09-11 21:23:34 | INFO | Processed JSON message: {'message': 'I just tried a trick! It was exciting.', 'author': 'Bob'}
2025-09-11 21:23:34 | INFO | Message received from author: Bob
2025-09-11 21:23:34 | INFO | Updated author counts: {'Bob': 4, 'Alice': 3, 'Eve': 3, 'Charlie': 2}
2025-09-11 21:23:34 | INFO | Chart updated successfully for message: {"message": "I just tried a trick! It was exciting.", "author": "Bob"}

2025-09-11 21:23:37 | INFO | {'message': 'I just shared a story! It was weird.', 'author': 'Bob'}
2025-09-11 21:23:37 | INFO | Processed JSON message: {'message': 'I just shared a story! It was weird.', 'author': 'Bob'}
2025-09-11 21:23:37 | INFO | Message received from author: Bob
2025-09-11 21:23:37 | INFO | Updated author counts: {'Bob': 5, 'Alice': 3, 'Eve': 3, 'Charlie': 2}
2025-09-11 21:23:37 | INFO | Chart updated successfully for message: {"message": "I just shared a story! It was weird.", "author": "Bob"}

2025-09-11 21:23:40 | INFO | {'message': 'I just found a movie! It was exciting.', 'author': 'Alice'}
2025-09-11 21:23:40 | INFO | Processed JSON message: {'message': 'I just found a movie! It was exciting.', 'author': 'Alice'}
2025-09-11 21:23:40 | INFO | Message received from author: Alice
2025-09-11 21:23:40 | INFO | Updated author counts: {'Bob': 5, 'Alice': 4, 'Eve': 3, 'Charlie': 2}
2025-09-11 21:23:40 | INFO | Chart updated successfully for message: {"message": "I just found a movie! It was exciting.", "author": "Alice"}

2025-09-11 21:23:43 | INFO | {'message': 'I just loved a meme! It was funny.', 'author': 'Eve'}
2025-09-11 21:23:43 | INFO | Processed JSON message: {'message': 'I just loved a meme! It was funny.', 'author': 'Eve'}
2025-09-11 21:23:43 | INFO | Message received from author: Eve
2025-09-11 21:23:43 | INFO | Updated author counts: {'Bob': 5, 'Alice': 4, 'Eve': 4, 'Charlie': 2}
2025-09-11 21:23:43 | INFO | Chart updated successfully for message: {"message": "I just loved a meme! It was funny.", "author": "Eve"}

2025-09-11 21:23:46 | INFO | {'message': 'I just tried a movie! It was weird.', 'author': 'Charlie'}
2025-09-11 21:23:46 | INFO | Processed JSON message: {'message': 'I just tried a movie! It was weird.', 'author': 'Charlie'}
2025-09-11 21:23:46 | INFO | Message received from author: Charlie
2025-09-11 21:23:46 | INFO | Updated author counts: {'Bob': 5, 'Alice': 4, 'Eve': 4, 'Charlie': 3}
2025-09-11 21:23:46 | INFO | Chart updated successfully for message: {"message": "I just tried a movie! It was weird.", "author": "Charlie"}

2025-09-11 21:23:49 | INFO | {'message': 'I just saw a movie! It was weird.', 'author': 'Eve'}
2025-09-11 21:23:49 | INFO | Processed JSON message: {'message': 'I just saw a movie! It was weird.', 'author': 'Eve'}
2025-09-11 21:23:49 | INFO | Message received from author: Eve
2025-09-11 21:23:49 | INFO | Updated author counts: {'Bob': 5, 'Alice': 4, 'Eve': 5, 'Charlie': 3}
2025-09-11 21:23:49 | INFO | Chart updated successfully for message: {"message": "I just saw a movie! It was weird.", "author": "Eve"}

2025-09-11 21:23:52 | INFO | {'message': 'I just loved an app! It was weird.', 'author': 'Eve'}
2025-09-11 21:23:52 | INFO | Processed JSON message: {'message': 'I just loved an app! It was weird.', 'author': 'Eve'}
2025-09-11 21:23:52 | INFO | Message received from author: Eve
2025-09-11 21:23:52 | INFO | Updated author counts: {'Bob': 5, 'Alice': 4, 'Eve': 6, 'Charlie': 3}
2025-09-11 21:23:52 | INFO | Chart updated successfully for message: {"message": "I just loved an app! It was weird.", "author": "Eve"}

2025-09-11 21:23:55 | INFO | {'message': 'I just found a story! It was weird.', 'author': 'Alice'}
2025-09-11 21:23:55 | INFO | Processed JSON message: {'message': 'I just found a story! It was weird.', 'author': 'Alice'}
2025-09-11 21:23:55 | INFO | Message received from author: Alice
2025-09-11 21:23:55 | INFO | Updated author counts: {'Bob': 5, 'Alice': 5, 'Eve': 6, 'Charlie': 3}
2025-09-11 21:23:55 | INFO | Chart updated successfully for message: {"message": "I just found a story! It was weird.", "author": "Alice"}

2025-09-11 21:23:58 | INFO | {'message': 'I just loved a story! It was weird.', 'author': 'Alice'}
2025-09-11 21:23:58 | INFO | Processed JSON message: {'message': 'I just loved a story! It was weird.', 'author': 'Alice'}
2025-09-11 21:23:58 | INFO | Message received from author: Alice
2025-09-11 21:23:58 | INFO | Updated author counts: {'Bob': 5, 'Alice': 6, 'Eve': 6, 'Charlie': 3}
2025-09-11 21:23:58 | INFO | Chart updated successfully for message: {"message": "I just loved a story! It was weird.", "author": "Alice"}

2025-09-11 21:24:01 | INFO | {'message': 'I just found a trick! It was weird.', 'author': 'Alice'}
2025-09-11 21:24:01 | INFO | Processed JSON message: {'message': 'I just found a trick! It was weird.', 'author': 'Alice'}
2025-09-11 21:24:01 | INFO | Message received from author: Alice
2025-09-11 21:24:01 | INFO | Updated author counts: {'Bob': 5, 'Alice': 7, 'Eve': 6, 'Charlie': 3}
2025-09-11 21:24:01 | INFO | Chart updated successfully for message: {"message": "I just found a trick! It was weird.", "author": "Alice"}

2025-09-11 21:24:04 | INFO | {'message': 'I just tried a movie! It was boring.', 'author': 'Bob'}
2025-09-11 21:24:04 | INFO | Processed JSON message: {'message': 'I just tried a movie! It was boring.', 'author': 'Bob'}
2025-09-11 21:24:04 | INFO | Message received from author: Bob
2025-09-11 21:24:04 | INFO | Updated author counts: {'Bob': 6, 'Alice': 7, 'Eve': 6, 'Charlie': 3}
2025-09-11 21:24:04 | INFO | Chart updated successfully for message: {"message": "I just tried a movie! It was boring.", "author": "Bob"}

2025-09-11 21:24:07 | INFO | {'message': 'I just shared a trick! It was weird.', 'author': 'Eve'}
2025-09-11 21:24:07 | INFO | Processed JSON message: {'message': 'I just shared a trick! It was weird.', 'author': 'Eve'}
2025-09-11 21:24:07 | INFO | Message received from author: Eve
2025-09-11 21:24:07 | INFO | Updated author counts: {'Bob': 6, 'Alice': 7, 'Eve': 7, 'Charlie': 3}
2025-09-11 21:24:07 | INFO | Chart updated successfully for message: {"message": "I just shared a trick! It was weird.", "author": "Eve"}

2025-09-11 21:24:10 | INFO | {'message': 'I just tried a trick! It was exciting.', 'author': 'Charlie'}
2025-09-11 21:24:10 | INFO | Processed JSON message: {'message': 'I just tried a trick! It was exciting.', 'author': 'Charlie'}
2025-09-11 21:24:10 | INFO | Message received from author: Charlie
2025-09-11 21:24:10 | INFO | Updated author counts: {'Bob': 6, 'Alice': 7, 'Eve': 7, 'Charlie': 4}
2025-09-11 21:24:10 | INFO | Chart updated successfully for message: {"message": "I just tried a trick! It was exciting.", "author": "Charlie"}

2025-09-11 21:24:13 | INFO | {'message': 'I just found a meme! It was exciting.', 'author': 'Charlie'}
2025-09-11 21:24:13 | INFO | Processed JSON message: {'message': 'I just found a meme! It was exciting.', 'author': 'Charlie'}
2025-09-11 21:24:13 | INFO | Message received from author: Charlie
2025-09-11 21:24:13 | INFO | Updated author counts: {'Bob': 6, 'Alice': 7, 'Eve': 7, 'Charlie': 5}
2025-09-11 21:24:13 | INFO | Chart updated successfully for message: {"message": "I just found a meme! It was exciting.", "author": "Charlie"}

2025-09-11 21:24:16 | INFO | {'message': 'I just found a movie! It was weird.', 'author': 'Eve'}
2025-09-11 21:24:16 | INFO | Processed JSON message: {'message': 'I just found a movie! It was weird.', 'author': 'Eve'}
2025-09-11 21:24:16 | INFO | Message received from author: Eve
2025-09-11 21:24:16 | INFO | Updated author counts: {'Bob': 6, 'Alice': 7, 'Eve': 8, 'Charlie': 5}
2025-09-11 21:24:16 | INFO | Chart updated successfully for message: {"message": "I just found a movie! It was weird.", "author": "Eve"}

2025-09-11 21:24:19 | INFO | {'message': 'I just shared a movie! It was amazing.', 'author': 'Bob'}
2025-09-11 21:24:19 | INFO | Processed JSON message: {'message': 'I just shared a movie! It was amazing.', 'author': 'Bob'}
2025-09-11 21:24:19 | INFO | Message received from author: Bob
2025-09-11 21:24:19 | INFO | Updated author counts: {'Bob': 7, 'Alice': 7, 'Eve': 8, 'Charlie': 5}
2025-09-11 21:24:20 | INFO | Chart updated successfully for message: {"message": "I just shared a movie! It was amazing.", "author": "Bob"}

2025-09-11 21:24:21 | INFO | Consumer interrupted by user.
2025-09-11 21:24:22 | WARNING | Producer interrupted by user.
2025-09-11 21:24:22 | INFO | Producer shutting down.
2025-09-11 21:24:23 | INFO | Consumer closed.
2025-09-11 21:26:06 | INFO | Logging to file: logs/project_log.log
2025-09-11 21:26:06 | INFO | Log sanitization enabled, personal info removed
2025-09-11 21:26:06 | INFO | Project root: PROJECT_ROOT
2025-09-11 21:26:06 | INFO | Data folder: PROJECT_ROOT/data
2025-09-11 21:26:06 | INFO | Data file: PROJECT_ROOT/data/buzz.json
2025-09-11 21:26:06 | INFO | START producer.
2025-09-11 21:26:06 | INFO | Kafka broker address: localhost:9092
2025-09-11 21:26:06 | INFO | Kafka is ready. Brokers: {'throttle_time_ms': 0, 'brokers': [{'node_id': 1, 'host': 'localhost', 'port': 9092, 'rack': None}], 'cluster_id': 'fyTwFSU3TlSmymUFvycPSg', 'controller_id': 1}
2025-09-11 21:26:06 | INFO | Kafka topic: buzzline_json
2025-09-11 21:26:06 | INFO | Message interval: 3 seconds
2025-09-11 21:26:06 | INFO | Kafka broker address: localhost:9092
2025-09-11 21:26:06 | INFO | Connecting to Kafka broker at localhost:9092...
2025-09-11 21:26:06 | INFO | Kafka producer successfully created.
2025-09-11 21:26:06 | INFO | Kafka broker address: localhost:9092
2025-09-11 21:26:07 | INFO | Topic 'buzzline_json' already exists. Recreating fresh...
2025-09-11 21:26:07 | INFO | Requested deletion of topic 'buzzline_json'.
2025-09-11 21:26:07 | INFO | Topic 'buzzline_json' created successfully.
2025-09-11 21:26:07 | INFO | Kafka topic 'buzzline_json' is ready.
2025-09-11 21:26:07 | INFO | Starting message production to topic 'buzzline_json'...
2025-09-11 21:26:07 | INFO | Opening data file in read mode: PROJECT_ROOT/data/buzz.json
2025-09-11 21:26:07 | INFO | Reading data from file: PROJECT_ROOT/data/buzz.json
2025-09-11 21:26:07 | INFO | Sent message to topic 'buzzline_json': {'message': 'Data engineering is my passion.', 'author': 'Eve'}
2025-09-11 21:26:10 | INFO | Sent message to topic 'buzzline_json': {'message': 'Distributed systems are fascinating.', 'author': 'Alice'}
2025-09-11 21:26:13 | INFO | Sent message to topic 'buzzline_json': {'message': 'Have a great day!', 'author': 'Charlie'}
2025-09-11 21:26:16 | INFO | Sent message to topic 'buzzline_json': {'message': 'Data engineering is my passion.', 'author': 'Alice'}
2025-09-11 21:26:19 | INFO | Sent message to topic 'buzzline_json': {'message': 'Distributed systems are fascinating.', 'author': 'Diana'}
2025-09-11 21:26:22 | INFO | Sent message to topic 'buzzline_json': {'message': 'Buzz messages for everyone.', 'author': 'Alice'}
2025-09-11 21:26:25 | INFO | Sent message to topic 'buzzline_json': {'message': 'Hello, Kafka world!', 'author': 'Diana'}
2025-09-11 21:26:28 | INFO | Sent message to topic 'buzzline_json': {'message': 'This is a buzz message.', 'author': 'Eve'}
2025-09-11 21:26:31 | INFO | Sent message to topic 'buzzline_json': {'message': 'JSON makes life easier.', 'author': 'Eve'}
2025-09-11 21:26:32 | INFO | Logging to file: logs/project_log.log
2025-09-11 21:26:32 | INFO | Log sanitization enabled, personal info removed
2025-09-11 21:26:32 | INFO | START consumer.
2025-09-11 21:26:32 | INFO | Kafka topic: buzzline_json
2025-09-11 21:26:32 | INFO | Kafka consumer group id: buzz_group
2025-09-11 21:26:32 | INFO | Consumer: Topic 'buzzline_json' and group 'buzz_group'...
2025-09-11 21:26:32 | INFO | Kafka broker address: localhost:9092
2025-09-11 21:26:32 | INFO | Creating Kafka consumer. Topic='buzzline_json' and group ID='buzz_group'.
2025-09-11 21:26:32 | INFO | Kafka consumer created successfully.
2025-09-11 21:26:32 | INFO | Polling messages from topic 'buzzline_json'...
2025-09-11 21:26:34 | INFO | Sent message to topic 'buzzline_json': {'message': 'JSON makes life easier.', 'author': 'Alice'}
2025-09-11 21:26:36 | INFO | Processed JSON message: {'message': 'Distributed systems are fascinating.', 'author': 'Alice'}
2025-09-11 21:26:36 | INFO | Message received from author: Alice
2025-09-11 21:26:36 | INFO | Updated author counts: {'Alice': 1}
2025-09-11 21:26:36 | INFO | Chart updated successfully for message: {"message": "Distributed systems are fascinating.", "author": "Alice"}
2025-09-11 21:26:36 | INFO | Processed JSON message: {'message': 'Have a great day!', 'author': 'Charlie'}
2025-09-11 21:26:36 | INFO | Message received from author: Charlie
2025-09-11 21:26:36 | INFO | Updated author counts: {'Alice': 1, 'Charlie': 1}
2025-09-11 21:26:36 | INFO | Chart updated successfully for message: {"message": "Have a great day!", "author": "Charlie"}
2025-09-11 21:26:36 | INFO | Processed JSON message: {'message': 'Data engineering is my passion.', 'author': 'Alice'}
2025-09-11 21:26:36 | INFO | Message received from author: Alice
2025-09-11 21:26:36 | INFO | Updated author counts: {'Alice': 2, 'Charlie': 1}
2025-09-11 21:26:36 | INFO | Chart updated successfully for message: {"message": "Data engineering is my passion.", "author": "Alice"}
2025-09-11 21:26:36 | INFO | Processed JSON message: {'message': 'Distributed systems are fascinating.', 'author': 'Diana'}
2025-09-11 21:26:36 | INFO | Message received from author: Diana
2025-09-11 21:26:36 | INFO | Updated author counts: {'Alice': 2, 'Charlie': 1, 'Diana': 1}
2025-09-11 21:26:36 | INFO | Chart updated successfully for message: {"message": "Distributed systems are fascinating.", "author": "Diana"}
2025-09-11 21:26:36 | INFO | Processed JSON message: {'message': 'Buzz messages for everyone.', 'author': 'Alice'}
2025-09-11 21:26:36 | INFO | Message received from author: Alice
2025-09-11 21:26:36 | INFO | Updated author counts: {'Alice': 3, 'Charlie': 1, 'Diana': 1}
2025-09-11 21:26:37 | INFO | Chart updated successfully for message: {"message": "Buzz messages for everyone.", "author": "Alice"}
2025-09-11 21:26:37 | INFO | Processed JSON message: {'message': 'Hello, Kafka world!', 'author': 'Diana'}
2025-09-11 21:26:37 | INFO | Message received from author: Diana
2025-09-11 21:26:37 | INFO | Updated author counts: {'Alice': 3, 'Charlie': 1, 'Diana': 2}
2025-09-11 21:26:37 | INFO | Chart updated successfully for message: {"message": "Hello, Kafka world!", "author": "Diana"}
2025-09-11 21:26:37 | INFO | Processed JSON message: {'message': 'This is a buzz message.', 'author': 'Eve'}
2025-09-11 21:26:37 | INFO | Message received from author: Eve
2025-09-11 21:26:37 | INFO | Updated author counts: {'Alice': 3, 'Charlie': 1, 'Diana': 2, 'Eve': 1}
2025-09-11 21:26:37 | INFO | Chart updated successfully for message: {"message": "This is a buzz message.", "author": "Eve"}
2025-09-11 21:26:37 | INFO | Processed JSON message: {'message': 'JSON makes life easier.', 'author': 'Eve'}
2025-09-11 21:26:37 | INFO | Message received from author: Eve
2025-09-11 21:26:37 | INFO | Updated author counts: {'Alice': 3, 'Charlie': 1, 'Diana': 2, 'Eve': 2}
2025-09-11 21:26:37 | INFO | Sent message to topic 'buzzline_json': {'message': 'Data engineering is my passion.', 'author': 'Diana'}
2025-09-11 21:26:37 | INFO | Chart updated successfully for message: {"message": "JSON makes life easier.", "author": "Eve"}
2025-09-11 21:26:37 | INFO | Processed JSON message: {'message': 'JSON makes life easier.', 'author': 'Alice'}
2025-09-11 21:26:37 | INFO | Message received from author: Alice
2025-09-11 21:26:37 | INFO | Updated author counts: {'Alice': 4, 'Charlie': 1, 'Diana': 2, 'Eve': 2}
2025-09-11 21:26:37 | INFO | Chart updated successfully for message: {"message": "JSON makes life easier.", "author": "Alice"}
2025-09-11 21:26:37 | INFO | Processed JSON message: {'message': 'Data engineering is my passion.', 'author': 'Diana'}
2025-09-11 21:26:37 | INFO | Message received from author: Diana
2025-09-11 21:26:37 | INFO | Updated author counts: {'Alice': 4, 'Charlie': 1, 'Diana': 3, 'Eve': 2}
2025-09-11 21:26:37 | INFO | Chart updated successfully for message: {"message": "Data engineering is my passion.", "author": "Diana"}
2025-09-11 21:26:40 | INFO | Sent message to topic 'buzzline_json': {'message': 'JSON makes life easier.', 'author': 'Diana'}
2025-09-11 21:26:40 | INFO | Processed JSON message: {'message': 'JSON makes life easier.', 'author': 'Diana'}
2025-09-11 21:26:40 | INFO | Message received from author: Diana
2025-09-11 21:26:40 | INFO | Updated author counts: {'Alice': 4, 'Charlie': 1, 'Diana': 4, 'Eve': 2}
2025-09-11 21:26:40 | INFO | Chart updated successfully for message: {"message": "JSON makes life easier.", "author": "Diana"}
2025-09-11 21:26:43 | INFO | Sent message to topic 'buzzline_json': {'message': 'Kafka is awesome.', 'author': 'Charlie'}
2025-09-11 21:26:43 | INFO | Processed JSON message: {'message': 'Kafka is awesome.', 'author': 'Charlie'}
2025-09-11 21:26:43 | INFO | Message received from author: Charlie
2025-09-11 21:26:43 | INFO | Updated author counts: {'Alice': 4, 'Charlie': 2, 'Diana': 4, 'Eve': 2}
2025-09-11 21:26:43 | INFO | Chart updated successfully for message: {"message": "Kafka is awesome.", "author": "Charlie"}
2025-09-11 21:26:46 | INFO | Sent message to topic 'buzzline_json': {'message': 'JSON makes life easier.', 'author': 'Bob'}
2025-09-11 21:26:46 | INFO | Processed JSON message: {'message': 'JSON makes life easier.', 'author': 'Bob'}
2025-09-11 21:26:46 | INFO | Message received from author: Bob
2025-09-11 21:26:46 | INFO | Updated author counts: {'Alice': 4, 'Charlie': 2, 'Diana': 4, 'Eve': 2, 'Bob': 1}
2025-09-11 21:26:46 | INFO | Chart updated successfully for message: {"message": "JSON makes life easier.", "author": "Bob"}
2025-09-11 21:26:49 | INFO | Sent message to topic 'buzzline_json': {'message': 'I love Python!', 'author': 'Bob'}
2025-09-11 21:26:49 | INFO | Processed JSON message: {'message': 'I love Python!', 'author': 'Bob'}
2025-09-11 21:26:49 | INFO | Message received from author: Bob
2025-09-11 21:26:49 | INFO | Updated author counts: {'Alice': 4, 'Charlie': 2, 'Diana': 4, 'Eve': 2, 'Bob': 2}
2025-09-11 21:26:49 | INFO | Chart updated successfully for message: {"message": "I love Python!", "author": "Bob"}
2025-09-11 21:26:52 | INFO | Sent message to topic 'buzzline_json': {'message': 'This is a buzz message.', 'author': 'Eve'}
2025-09-11 21:26:52 | INFO | Processed JSON message: {'message': 'This is a buzz message.', 'author': 'Eve'}
2025-09-11 21:26:52 | INFO | Message received from author: Eve
2025-09-11 21:26:52 | INFO | Updated author counts: {'Alice': 4, 'Charlie': 2, 'Diana': 4, 'Eve': 3, 'Bob': 2}
2025-09-11 21:26:52 | INFO | Chart updated successfully for message: {"message": "This is a buzz message.", "author": "Eve"}
2025-09-11 21:26:55 | INFO | Sent message to topic 'buzzline_json': {'message': 'I love Python!', 'author': 'Eve'}
2025-09-11 21:26:55 | INFO | Processed JSON message: {'message': 'I love Python!', 'author': 'Eve'}
2025-09-11 21:26:55 | INFO | Message received from author: Eve
2025-09-11 21:26:55 | INFO | Updated author counts: {'Alice': 4, 'Charlie': 2, 'Diana': 4, 'Eve': 4, 'Bob': 2}
2025-09-11 21:26:55 | INFO | Chart updated successfully for message: {"message": "I love Python!", "author": "Eve"}
2025-09-11 21:26:58 | INFO | Sent message to topic 'buzzline_json': {'message': 'Buzz messages for everyone.', 'author': 'Alice'}
2025-09-11 21:26:58 | INFO | Processed JSON message: {'message': 'Buzz messages for everyone.', 'author': 'Alice'}
2025-09-11 21:26:58 | INFO | Message received from author: Alice
2025-09-11 21:26:58 | INFO | Updated author counts: {'Alice': 5, 'Charlie': 2, 'Diana': 4, 'Eve': 4, 'Bob': 2}
2025-09-11 21:26:58 | INFO | Chart updated successfully for message: {"message": "Buzz messages for everyone.", "author": "Alice"}
2025-09-11 21:27:01 | WARNING | Consumer interrupted by user.
2025-09-11 21:27:01 | INFO | Kafka consumer for topic 'buzzline_json' closed.
2025-09-11 21:27:01 | INFO | END consumer for topic 'buzzline_json' and group 'buzz_group'.
2025-09-11 21:27:01 | INFO | Sent message to topic 'buzzline_json': {'message': 'This is a buzz message.', 'author': 'Alice'}
2025-09-11 21:27:01 | WARNING | Producer interrupted by user.
2025-09-11 21:27:01 | INFO | Kafka producer closed.
2025-09-11 21:27:01 | INFO | END producer.
2025-09-11 21:27:47 | INFO | Logging to file: logs/project_log.log
2025-09-11 21:27:47 | INFO | Log sanitization enabled, personal info removed
2025-09-11 21:27:47 | INFO | Project root: PROJECT_ROOT
2025-09-11 21:27:47 | INFO | Data folder: PROJECT_ROOT/data
2025-09-11 21:27:47 | INFO | Data file: PROJECT_ROOT/data/smoker_temps.csv
2025-09-11 21:27:47 | INFO | START producer.
2025-09-11 21:27:47 | INFO | Kafka broker address: localhost:9092
2025-09-11 21:27:47 | INFO | Kafka is ready. Brokers: {'throttle_time_ms': 0, 'brokers': [{'node_id': 1, 'host': 'localhost', 'port': 9092, 'rack': None}], 'cluster_id': 'fyTwFSU3TlSmymUFvycPSg', 'controller_id': 1}
2025-09-11 21:27:47 | INFO | Kafka topic: smoker_csv
2025-09-11 21:27:47 | INFO | Message interval: 5 seconds
2025-09-11 21:27:47 | INFO | Kafka broker address: localhost:9092
2025-09-11 21:27:47 | INFO | Connecting to Kafka broker at localhost:9092...
2025-09-11 21:27:47 | INFO | Kafka producer successfully created.
2025-09-11 21:27:47 | INFO | Kafka broker address: localhost:9092
2025-09-11 21:27:48 | INFO | Topic 'smoker_csv' created successfully.
2025-09-11 21:27:48 | INFO | Kafka topic 'smoker_csv' is ready.
2025-09-11 21:27:48 | INFO | Starting message production to topic 'smoker_csv'...
2025-09-11 21:27:48 | INFO | Opening data file in read mode: PROJECT_ROOT/data/smoker_temps.csv
2025-09-11 21:27:48 | INFO | Reading data from file: PROJECT_ROOT/data/smoker_temps.csv
2025-09-11 21:27:48 | INFO | Sent message to topic 'smoker_csv': {'timestamp': '2025-09-12T02:27:48.423254', 'temperature': 70.4}
2025-09-11 21:27:53 | INFO | Sent message to topic 'smoker_csv': {'timestamp': '2025-09-12T02:27:53.432737', 'temperature': 70.8}
2025-09-11 21:27:58 | INFO | Sent message to topic 'smoker_csv': {'timestamp': '2025-09-12T02:27:58.434681', 'temperature': 71.2}
2025-09-11 21:28:03 | INFO | Sent message to topic 'smoker_csv': {'timestamp': '2025-09-12T02:28:03.442225', 'temperature': 71.6}
2025-09-11 21:28:06 | INFO | Logging to file: logs/project_log.log
2025-09-11 21:28:06 | INFO | Log sanitization enabled, personal info removed
2025-09-11 21:28:06 | INFO | START consumer.
2025-09-11 21:28:06 | INFO | Kafka topic: smoker_csv
2025-09-11 21:28:06 | INFO | Kafka consumer group id: smoker_group
2025-09-11 21:28:06 | INFO | Rolling window size: 10
2025-09-11 21:28:06 | INFO | Consumer: Topic 'smoker_csv' and group 'smoker_group'...
2025-09-11 21:28:06 | INFO | Rolling window size: 10
2025-09-11 21:28:06 | INFO | Kafka broker address: localhost:9092
2025-09-11 21:28:06 | INFO | Creating Kafka consumer. Topic='smoker_csv' and group ID='smoker_group'.
2025-09-11 21:28:07 | INFO | Kafka consumer created successfully.
2025-09-11 21:28:07 | INFO | Polling messages from topic 'smoker_csv'...
2025-09-11 21:28:08 | INFO | Sent message to topic 'smoker_csv': {'timestamp': '2025-09-12T02:28:08.452802', 'temperature': 72.0}
2025-09-11 21:28:10 | INFO | Processed JSON message: {'timestamp': '2025-09-12T02:27:48.423254', 'temperature': 70.4}
2025-09-11 21:28:10 | INFO | Processed JSON message: {'timestamp': '2025-09-12T02:27:53.432737', 'temperature': 70.8}
2025-09-11 21:28:11 | INFO | Processed JSON message: {'timestamp': '2025-09-12T02:27:58.434681', 'temperature': 71.2}
2025-09-11 21:28:11 | INFO | Processed JSON message: {'timestamp': '2025-09-12T02:28:03.442225', 'temperature': 71.6}
2025-09-11 21:28:11 | INFO | Processed JSON message: {'timestamp': '2025-09-12T02:28:08.452802', 'temperature': 72.0}
2025-09-11 21:28:13 | INFO | Sent message to topic 'smoker_csv': {'timestamp': '2025-09-12T02:28:13.455843', 'temperature': 72.4}
2025-09-11 21:28:13 | INFO | Processed JSON message: {'timestamp': '2025-09-12T02:28:13.455843', 'temperature': 72.4}
2025-09-11 21:28:18 | INFO | Sent message to topic 'smoker_csv': {'timestamp': '2025-09-12T02:28:18.458671', 'temperature': 72.8}
2025-09-11 21:28:18 | INFO | Processed JSON message: {'timestamp': '2025-09-12T02:28:18.458671', 'temperature': 72.8}
2025-09-11 21:28:23 | INFO | Sent message to topic 'smoker_csv': {'timestamp': '2025-09-12T02:28:23.468543', 'temperature': 73.2}
2025-09-11 21:28:23 | INFO | Processed JSON message: {'timestamp': '2025-09-12T02:28:23.468543', 'temperature': 73.2}
2025-09-11 21:28:28 | INFO | Sent message to topic 'smoker_csv': {'timestamp': '2025-09-12T02:28:28.475010', 'temperature': 73.6}
2025-09-11 21:28:28 | INFO | Processed JSON message: {'timestamp': '2025-09-12T02:28:28.475010', 'temperature': 73.6}
2025-09-11 21:28:33 | INFO | Sent message to topic 'smoker_csv': {'timestamp': '2025-09-12T02:28:33.482393', 'temperature': 74.0}
2025-09-11 21:28:33 | INFO | Processed JSON message: {'timestamp': '2025-09-12T02:28:33.482393', 'temperature': 74.0}
2025-09-11 21:28:38 | INFO | Sent message to topic 'smoker_csv': {'timestamp': '2025-09-12T02:28:38.483472', 'temperature': 74.4}
2025-09-11 21:28:38 | INFO | Processed JSON message: {'timestamp': '2025-09-12T02:28:38.483472', 'temperature': 74.4}
2025-09-11 21:28:43 | INFO | Sent message to topic 'smoker_csv': {'timestamp': '2025-09-12T02:28:43.488466', 'temperature': 74.8}
2025-09-11 21:28:43 | INFO | Processed JSON message: {'timestamp': '2025-09-12T02:28:43.488466', 'temperature': 74.8}
2025-09-11 21:28:48 | INFO | Sent message to topic 'smoker_csv': {'timestamp': '2025-09-12T02:28:48.514668', 'temperature': 75.2}
2025-09-11 21:28:48 | INFO | Processed JSON message: {'timestamp': '2025-09-12T02:28:48.514668', 'temperature': 75.2}
2025-09-11 21:28:53 | INFO | Sent message to topic 'smoker_csv': {'timestamp': '2025-09-12T02:28:53.516051', 'temperature': 75.6}
2025-09-11 21:28:53 | INFO | Processed JSON message: {'timestamp': '2025-09-12T02:28:53.516051', 'temperature': 75.6}
2025-09-11 21:28:58 | INFO | Sent message to topic 'smoker_csv': {'timestamp': '2025-09-12T02:28:58.523161', 'temperature': 76.0}
2025-09-11 21:28:58 | INFO | Processed JSON message: {'timestamp': '2025-09-12T02:28:58.523161', 'temperature': 76.0}
2025-09-11 21:29:03 | INFO | Sent message to topic 'smoker_csv': {'timestamp': '2025-09-12T02:29:03.524045', 'temperature': 76.4}
2025-09-11 21:29:03 | INFO | Processed JSON message: {'timestamp': '2025-09-12T02:29:03.524045', 'temperature': 76.4}
2025-09-11 21:29:05 | WARNING | Consumer interrupted by user.
2025-09-11 21:29:05 | INFO | Kafka consumer for topic 'smoker_csv' closed.
2025-09-11 21:29:06 | WARNING | Producer interrupted by user.
2025-09-11 21:29:06 | INFO | Kafka producer closed.
2025-09-11 21:29:06 | INFO | END producer.
2025-09-14 13:14:39 | INFO | Logging to file: logs/project_log.log
2025-09-14 13:14:39 | INFO | Log sanitization enabled, personal info removed
2025-09-14 13:14:39 | INFO | START producer...
2025-09-14 13:14:42 | ERROR | Kafka connection failed: NoBrokersAvailable
2025-09-14 13:14:42 | INFO | {'message': 'I just saw a movie! It was weird.', 'author': 'Charlie', 'timestamp': '2025-09-14 13:14:42', 'category': 'entertainment', 'sentiment': 0.04, 'keyword_mentioned': 'movie', 'message_length': 33}
2025-09-14 13:14:47 | INFO | {'message': 'I just loved a meme! It was boring.', 'author': 'Alice', 'timestamp': '2025-09-14 13:14:47', 'category': 'humor', 'sentiment': 0.26, 'keyword_mentioned': 'meme', 'message_length': 35}
2025-09-14 13:14:52 | INFO | {'message': 'I just tried Python! It was funny.', 'author': 'Bob', 'timestamp': '2025-09-14 13:14:52', 'category': 'tech', 'sentiment': 0.36, 'keyword_mentioned': 'Python', 'message_length': 34}
2025-09-14 13:14:57 | INFO | {'message': 'I just tried a story! It was exciting.', 'author': 'Alice', 'timestamp': '2025-09-14 13:14:57', 'category': 'other', 'sentiment': 0.67, 'keyword_mentioned': 'other', 'message_length': 38}
2025-09-14 13:15:02 | INFO | {'message': 'I just shared a meme! It was amazing.', 'author': 'Alice', 'timestamp': '2025-09-14 13:15:02', 'category': 'humor', 'sentiment': 0.02, 'keyword_mentioned': 'meme', 'message_length': 37}
2025-09-14 13:15:07 | INFO | {'message': 'I just shared a movie! It was boring.', 'author': 'Eve', 'timestamp': '2025-09-14 13:15:07', 'category': 'entertainment', 'sentiment': 0.02, 'keyword_mentioned': 'movie', 'message_length': 37}
2025-09-14 13:15:12 | INFO | {'message': 'I just saw a meme! It was funny.', 'author': 'Bob', 'timestamp': '2025-09-14 13:15:12', 'category': 'humor', 'sentiment': 0.26, 'keyword_mentioned': 'meme', 'message_length': 32}
2025-09-14 13:15:15 | INFO | Logging to file: logs/project_log.log
2025-09-14 13:15:15 | INFO | Log sanitization enabled, personal info removed
2025-09-14 13:15:15 | INFO | Project root: PROJECT_ROOT
2025-09-14 13:15:15 | INFO | Data folder: PROJECT_ROOT/data
2025-09-14 13:15:15 | INFO | Data file: PROJECT_ROOT/data/project_live.json
2025-09-14 13:15:15 | INFO | Charts folder: PROJECT_ROOT/charts
2025-09-14 13:15:15 | INFO | START Gospel Message Analyzer Consumer
2025-09-14 13:15:15 | INFO | Inspired by bold faith leaders like Charlie Kirk
2025-09-14 13:15:15 | INFO | Monitoring file: PROJECT_ROOT/data/project_live.json
2025-09-14 13:15:15 | INFO | Processed JSON message: {'message': 'I just saw a movie! It was weird.', 'author': 'Charlie', 'timestamp': '2025-09-14 13:14:42', 'category': 'entertainment', 'sentiment': 0.04, 'keyword_mentioned': 'movie', 'message_length': 33}
2025-09-14 13:15:15 | INFO | Message #1 - Gospel Score: 0.00, Impact: 0.00, Author: Charlie
2025-09-14 13:15:15 | INFO | Processed JSON message: {'message': 'I just loved a meme! It was boring.', 'author': 'Alice', 'timestamp': '2025-09-14 13:14:47', 'category': 'humor', 'sentiment': 0.26, 'keyword_mentioned': 'meme', 'message_length': 35}
2025-09-14 13:15:15 | INFO | Message #2 - Gospel Score: 0.30, Impact: 0.09, Author: Alice
2025-09-14 13:15:16 | INFO | Chart updated and saved to PROJECT_ROOT/charts/gospel_analysis.png
2025-09-14 13:15:16 | INFO | Dashboard updated: PROJECT_ROOT/gospel_dashboard.html
2025-09-14 13:15:16 | INFO | Processed JSON message: {'message': 'I just tried Python! It was funny.', 'author': 'Bob', 'timestamp': '2025-09-14 13:14:52', 'category': 'tech', 'sentiment': 0.36, 'keyword_mentioned': 'Python', 'message_length': 34}
2025-09-14 13:15:16 | INFO | Message #3 - Gospel Score: 0.00, Impact: 0.00, Author: Bob
2025-09-14 13:15:17 | INFO | {'message': 'I just found a story! It was weird.', 'author': 'Bob', 'timestamp': '2025-09-14 13:15:17', 'category': 'other', 'sentiment': 0.24, 'keyword_mentioned': 'other', 'message_length': 35}
2025-09-14 13:15:17 | INFO | Chart updated and saved to PROJECT_ROOT/charts/gospel_analysis.png
2025-09-14 13:15:17 | INFO | Dashboard updated: PROJECT_ROOT/gospel_dashboard.html
2025-09-14 13:15:17 | INFO | Processed JSON message: {'message': 'I just tried a story! It was exciting.', 'author': 'Alice', 'timestamp': '2025-09-14 13:14:57', 'category': 'other', 'sentiment': 0.67, 'keyword_mentioned': 'other', 'message_length': 38}
2025-09-14 13:15:17 | INFO | Message #4 - Gospel Score: 0.00, Impact: 0.00, Author: Alice
2025-09-14 13:15:18 | INFO | Chart updated and saved to PROJECT_ROOT/charts/gospel_analysis.png
2025-09-14 13:15:18 | INFO | Dashboard updated: PROJECT_ROOT/gospel_dashboard.html
2025-09-14 13:15:18 | INFO | Processed JSON message: {'message': 'I just shared a meme! It was amazing.', 'author': 'Alice', 'timestamp': '2025-09-14 13:15:02', 'category': 'humor', 'sentiment': 0.02, 'keyword_mentioned': 'meme', 'message_length': 37}
2025-09-14 13:15:18 | INFO | Message #5 - Gospel Score: 0.30, Impact: 0.09, Author: Alice
2025-09-14 13:15:19 | INFO | Chart updated and saved to PROJECT_ROOT/charts/gospel_analysis.png
2025-09-14 13:15:19 | INFO | Dashboard updated: PROJECT_ROOT/gospel_dashboard.html
2025-09-14 13:15:19 | INFO | Processed JSON message: {'message': 'I just shared a movie! It was boring.', 'author': 'Eve', 'timestamp': '2025-09-14 13:15:07', 'category': 'entertainment', 'sentiment': 0.02, 'keyword_mentioned': 'movie', 'message_length': 37}
2025-09-14 13:15:19 | INFO | Message #6 - Gospel Score: 0.30, Impact: 0.09, Author: Eve
2025-09-14 13:15:20 | INFO | Chart updated and saved to PROJECT_ROOT/charts/gospel_analysis.png
2025-09-14 13:15:20 | INFO | Dashboard updated: PROJECT_ROOT/gospel_dashboard.html
2025-09-14 13:15:20 | INFO | Processed JSON message: {'message': 'I just saw a meme! It was funny.', 'author': 'Bob', 'timestamp': '2025-09-14 13:15:12', 'category': 'humor', 'sentiment': 0.26, 'keyword_mentioned': 'meme', 'message_length': 32}
2025-09-14 13:15:20 | INFO | Message #7 - Gospel Score: 0.00, Impact: 0.00, Author: Bob
2025-09-14 13:15:21 | INFO | Chart updated and saved to PROJECT_ROOT/charts/gospel_analysis.png
2025-09-14 13:15:21 | INFO | Dashboard updated: PROJECT_ROOT/gospel_dashboard.html
2025-09-14 13:15:21 | INFO | Processed JSON message: {'message': 'I just found a story! It was weird.', 'author': 'Bob', 'timestamp': '2025-09-14 13:15:17', 'category': 'other', 'sentiment': 0.24, 'keyword_mentioned': 'other', 'message_length': 35}
2025-09-14 13:15:21 | INFO | Message #8 - Gospel Score: 0.00, Impact: 0.00, Author: Bob
2025-09-14 13:15:21 | INFO | Chart updated and saved to PROJECT_ROOT/charts/gospel_analysis.png
2025-09-14 13:15:21 | INFO | Dashboard updated: PROJECT_ROOT/gospel_dashboard.html
2025-09-14 13:15:22 | INFO | {'message': 'I just found Python! It was funny.', 'author': 'Eve', 'timestamp': '2025-09-14 13:15:22', 'category': 'tech', 'sentiment': 0.79, 'keyword_mentioned': 'Python', 'message_length': 34}
2025-09-14 13:15:22 | INFO | Processed JSON message: {'message': 'I just found Python! It was funny.', 'author': 'Eve', 'timestamp': '2025-09-14 13:15:22', 'category': 'tech', 'sentiment': 0.79, 'keyword_mentioned': 'Python', 'message_length': 34}
2025-09-14 13:15:22 | INFO | Message #9 - Gospel Score: 0.00, Impact: 0.00, Author: Eve
2025-09-14 13:15:23 | INFO | Chart updated and saved to PROJECT_ROOT/charts/gospel_analysis.png
2025-09-14 13:15:23 | INFO | Dashboard updated: PROJECT_ROOT/gospel_dashboard.html
2025-09-14 13:15:27 | INFO | {'message': 'I just shared a meme! It was weird.', 'author': 'Bob', 'timestamp': '2025-09-14 13:15:27', 'category': 'humor', 'sentiment': 0.34, 'keyword_mentioned': 'meme', 'message_length': 35}
2025-09-14 13:15:27 | INFO | Processed JSON message: {'message': 'I just shared a meme! It was weird.', 'author': 'Bob', 'timestamp': '2025-09-14 13:15:27', 'category': 'humor', 'sentiment': 0.34, 'keyword_mentioned': 'meme', 'message_length': 35}
2025-09-14 13:15:27 | INFO | Message #10 - Gospel Score: 0.30, Impact: 0.10, Author: Bob
2025-09-14 13:15:28 | INFO | Chart updated and saved to PROJECT_ROOT/charts/gospel_analysis.png
2025-09-14 13:15:28 | INFO | Dashboard updated: PROJECT_ROOT/gospel_dashboard.html
2025-09-14 13:15:32 | INFO | {'message': 'I just loved travel! It was exciting.', 'author': 'Charlie', 'timestamp': '2025-09-14 13:15:32', 'category': 'travel', 'sentiment': 0.79, 'keyword_mentioned': 'travel', 'message_length': 37}
2025-09-14 13:15:32 | INFO | Processed JSON message: {'message': 'I just loved travel! It was exciting.', 'author': 'Charlie', 'timestamp': '2025-09-14 13:15:32', 'category': 'travel', 'sentiment': 0.79, 'keyword_mentioned': 'travel', 'message_length': 37}
2025-09-14 13:15:32 | INFO | Message #11 - Gospel Score: 0.30, Impact: 0.24, Author: Charlie
2025-09-14 13:15:33 | INFO | Chart updated and saved to PROJECT_ROOT/charts/gospel_analysis.png
2025-09-14 13:15:33 | INFO | Dashboard updated: PROJECT_ROOT/gospel_dashboard.html
2025-09-14 13:15:37 | INFO | {'message': 'I just loved game! It was weird.', 'author': 'Charlie', 'timestamp': '2025-09-14 13:15:37', 'category': 'gaming', 'sentiment': 0.27, 'keyword_mentioned': 'game', 'message_length': 32}
2025-09-14 13:15:37 | INFO | Processed JSON message: {'message': 'I just loved game! It was weird.', 'author': 'Charlie', 'timestamp': '2025-09-14 13:15:37', 'category': 'gaming', 'sentiment': 0.27, 'keyword_mentioned': 'game', 'message_length': 32}
2025-09-14 13:15:37 | INFO | Message #12 - Gospel Score: 0.30, Impact: 0.09, Author: Charlie
2025-09-14 13:15:38 | INFO | Chart updated and saved to PROJECT_ROOT/charts/gospel_analysis.png
2025-09-14 13:15:38 | INFO | Dashboard updated: PROJECT_ROOT/gospel_dashboard.html
2025-09-14 13:15:42 | INFO | {'message': 'I just found an app! It was amazing.', 'author': 'Charlie', 'timestamp': '2025-09-14 13:15:42', 'category': 'other', 'sentiment': 0.24, 'keyword_mentioned': 'other', 'message_length': 36}
2025-09-14 13:15:42 | INFO | Processed JSON message: {'message': 'I just found an app! It was amazing.', 'author': 'Charlie', 'timestamp': '2025-09-14 13:15:42', 'category': 'other', 'sentiment': 0.24, 'keyword_mentioned': 'other', 'message_length': 36}
2025-09-14 13:15:42 | INFO | Message #13 - Gospel Score: 0.00, Impact: 0.00, Author: Charlie
2025-09-14 13:15:43 | INFO | Chart updated and saved to PROJECT_ROOT/charts/gospel_analysis.png
2025-09-14 13:15:43 | INFO | Dashboard updated: PROJECT_ROOT/gospel_dashboard.html
2025-09-14 13:15:47 | INFO | {'message': 'I just saw an app! It was amazing.', 'author': 'Alice', 'timestamp': '2025-09-14 13:15:47', 'category': 'other', 'sentiment': 0.85, 'keyword_mentioned': 'other', 'message_length': 34}
2025-09-14 13:15:47 | INFO | Processed JSON message: {'message': 'I just saw an app! It was amazing.', 'author': 'Alice', 'timestamp': '2025-09-14 13:15:47', 'category': 'other', 'sentiment': 0.85, 'keyword_mentioned': 'other', 'message_length': 34}
2025-09-14 13:15:47 | INFO | Message #14 - Gospel Score: 0.00, Impact: 0.00, Author: Alice
2025-09-14 13:15:48 | INFO | Chart updated and saved to PROJECT_ROOT/charts/gospel_analysis.png
